Info: Start Nativelink Simulation process

========= EDA Simulation Settings =====================

Sim Mode              :  Gate
Family                :  max10
Quartus root          :  c:/intelfpga_lite/18.1/quartus/bin64/
Quartus sim root      :  c:/intelfpga_lite/18.1/quartus/eda/sim_lib
Simulation Tool       :  modelsim-altera
Simulation Language   :  vhdl
Version               :  93
Simulation Mode       :  GUI
Sim Output File       :  Mux.vho
Sim SDF file          :  Mux__vhdl.sdo
Sim dir               :  simulation\modelsim

=======================================================

Info: Starting NativeLink simulation with ModelSim-Altera software
Sourced NativeLink script c:/intelfpga_lite/18.1/quartus/common/tcl/internal/nativelink/modelsim.tcl
Warning: File Mux_run_msim_gate_vhdl.do already exists - backing up current file as Mux_run_msim_gate_vhdl.do.bak1
Probing transcript
ModelSim-Altera Info: # Reading C:/intelFPGA_lite/18.1/modelsim_ase/tcl/vsim/pref.tcl
ModelSim-Altera Info: # do Mux_run_msim_gate_vhdl.do
ModelSim-Altera Info: # if {[file exists gate_work]} {
ModelSim-Altera Info: # 	vdel -lib gate_work -all
ModelSim-Altera Info: # }
ModelSim-Altera Info: # vlib gate_work
ModelSim-Altera Info: # vmap work gate_work
ModelSim-Altera Info: # Model Technology ModelSim - Intel FPGA Edition vmap 10.5b Lib Mapping Utility 2016.10 Oct  5 2016
ModelSim-Altera Info: # vmap work gate_work 
ModelSim-Altera Info: # Copying C:/intelFPGA_lite/18.1/modelsim_ase/win32aloem/../modelsim.ini to modelsim.ini
ModelSim-Altera Info: # Modifying modelsim.ini
ModelSim-Altera Info: # 
ModelSim-Altera Info: # vcom -93 -work work {Mux.vho}
ModelSim-Altera Info: # Model Technology ModelSim - Intel FPGA Edition vcom 10.5b Compiler 2016.10 Oct  5 2016
ModelSim-Altera Info: # Start time: 16:32:41 on Feb 13,2021
ModelSim-Altera Info: # vcom -reportprogress 300 -93 -work work Mux.vho 
ModelSim-Altera Info: # -- Loading package STANDARD
ModelSim-Altera Info: # -- Loading package TEXTIO
ModelSim-Altera Info: # -- Loading package std_logic_1164
ModelSim-Altera Info: # -- Loading package VITAL_Timing
ModelSim-Altera Info: # -- Loading package VITAL_Primitives
ModelSim-Altera Info: # -- Loading package fiftyfivenm_atom_pack
ModelSim-Altera Info: # -- Loading package fiftyfivenm_components
ModelSim-Altera Info: # -- Compiling entity hard_block
ModelSim-Altera Info: # -- Compiling architecture structure of hard_block
ModelSim-Altera Info: # -- Compiling entity Mux
ModelSim-Altera Info: # -- Compiling architecture structure of Mux
ModelSim-Altera Info: # End time: 16:32:41 on Feb 13,2021, Elapsed time: 0:00:00
ModelSim-Altera Info: # Errors: 0, Warnings: 0
ModelSim-Altera Info: # 
ModelSim-Altera Info: vsim work.mux
ModelSim-Altera Info: # vsim work.mux 
ModelSim-Altera Info: # Start time: 16:32:55 on Feb 13,2021
ModelSim-Altera Info: # Loading std.standard
ModelSim-Altera Info: # Loading std.textio(body)
ModelSim-Altera Info: # Loading ieee.std_logic_1164(body)
ModelSim-Altera Info: # Loading ieee.vital_timing(body)
ModelSim-Altera Info: # Loading ieee.vital_primitives(body)
ModelSim-Altera Info: # Loading fiftyfivenm.fiftyfivenm_atom_pack(body)
ModelSim-Altera Info: # Loading fiftyfivenm.fiftyfivenm_components
ModelSim-Altera Info: # Loading work.mux(structure)
ModelSim-Altera Info: # Loading work.hard_block(structure)
ModelSim-Altera Info: # Loading fiftyfivenm.fiftyfivenm_lcell_comb(vital_lcell_comb)
ModelSim-Altera Info: # Loading fiftyfivenm.fiftyfivenm_io_obuf(behavior)
ModelSim-Altera Info: # Loading fiftyfivenm.fiftyfivenm_io_ibuf(behavior)
ModelSim-Altera Info: # Loading fiftyfivenm.fiftyfivenm_unvm(behavior)
ModelSim-Altera Info: # Loading fiftyfivenm.fiftyfivenm_adcblock(behavior)
ModelSim-Altera Info: add wave -position end  sim:/mux/a
ModelSim-Altera Info: add wave -position end  sim:/mux/b
ModelSim-Altera Info: add wave -position end  sim:/mux/c
ModelSim-Altera Info: add wave -position end  sim:/mux/d
ModelSim-Altera Info: add wave -position end  sim:/mux/e
ModelSim-Altera Info: add wave -position end  sim:/mux/f
ModelSim-Altera Info: add wave -position end  sim:/mux/g
ModelSim-Altera Info: add wave -position end  sim:/mux/h
ModelSim-Altera Info: add wave -position end  sim:/mux/sel
ModelSim-Altera Info: add wave -position end  sim:/mux/y
ModelSim-Altera Info: 
ModelSim-Altera Info: force a 0 0, 1 2, 2 3
ModelSim-Altera Error: # ** Error: (vsim-4026) Value "2" does not represent a literal of the enumeration type.
ModelSim-Altera Error: # ** Error: (vsim-4011) Invalid force value: 0 0, 1 2, 2 3.
ModelSim-Altera Info: # 
ModelSim-Altera Info: force a 0 1, 1 2, 1 3
ModelSim-Altera Info: force b 1 0, 1 1, 0 2
ModelSim-Altera Info: force c 1 0, 0 2, 1 3
ModelSim-Altera Info: force d 0 1, 1 2, 0 5
ModelSim-Altera Info: force e 0 1, 1 3, 1 6
ModelSim-Altera Info: force f 0 0, 1 5, 1 7
ModelSim-Altera Info: force g 0 1, 1 5, 1 8
ModelSim-Altera Info: force h 1 0, 1 5
ModelSim-Altera Info: force sel(0) 0 0, 1 2 -repeat 4
ModelSim-Altera Info: force sel(1) 0 0, 1 4 -repeat 8
ModelSim-Altera Info: force sel(2) 0 0, 1 8 -repeat 16
ModelSim-Altera Info: run
ModelSim-Altera Info: # End time: 16:43:00 on Feb 13,2021, Elapsed time: 0:10:05
ModelSim-Altera Info: # Errors: 1, Warnings: 0
Error: Errors encountered while running modelsim do file
Error: NativeLink simulation flow was NOT successful



================The following additional information is provided to help identify the cause of error while running nativelink scripts=================
Nativelink TCL script failed with errorCode:  1
Nativelink TCL script failed with errorInfo:  1
    (procedure "launch_sim" line 1)
    invoked from within
"launch_sim launch_args_hash"
    ("eval" body line 1)
    invoked from within
"eval launch_sim launch_args_hash"
    invoked from within
"if [ info exists ::errorCode ] {
                set savedCode $::errorCode
                set savedInfo $::errorInfo
                error $result $..."
    invoked from within
"if [catch {eval launch_sim launch_args_hash} result ] {
            set status 1
            if [ info exists ::errorCode ] {
                set save..."
    (procedure "run_sim" line 74)
    invoked from within
"run_sim run_sim_args_hash"
    invoked from within
"if [ info exists ::errorCode ] {
            set savedCode $::errorCode
            set savedInfo $::errorInfo
            error "$result" $savedInfo ..."
    (procedure "run_eda_simulation_tool" line 334)
    invoked from within
"run_eda_simulation_tool eda_opts_hash"
