
AVRASM ver. 2.1.30  C:\Users\ManuelNeri\Desktop\Examen Argumentativo\Examen Argumentativo\Debug\List\Examen.asm Tue May 25 23:54:14 2021

                 
                 
                 ;CodeVisionAVR C Compiler V3.12 Advanced
                 ;(C) Copyright 1998-2014 Pavel Haiduc, HP InfoTech s.r.l.
                 ;http://www.hpinfotech.com
                 
                 ;Build configuration    : Debug
                 ;Chip type              : ATmega328P
                 ;Program type           : Application
                 ;Clock frequency        : 1.000000 MHz
                 ;Memory model           : Small
                 ;Optimize for           : Size
                 ;(s)printf features     : int, width
                 ;(s)scanf features      : int, width
                 ;External RAM size      : 0
                 ;Data Stack size        : 512 byte(s)
                 ;Heap size              : 0 byte(s)
                 ;Promote 'char' to 'int': Yes
                 ;'char' is unsigned     : Yes
                 ;8 bit enums            : Yes
                 ;Global 'const' stored in FLASH: No
                 ;Enhanced function parameter passing: Yes
                 ;Enhanced core instructions: On
                 ;Automatic register allocation for global variables: Off
                 ;Smart register allocation: Off
                 
                 	#define _MODEL_SMALL_
                 
                 	#pragma AVRPART ADMIN PART_NAME ATmega328P
                 	#pragma AVRPART MEMORY PROG_FLASH 32768
                 	#pragma AVRPART MEMORY EEPROM 1024
                 	#pragma AVRPART MEMORY INT_SRAM SIZE 2048
                 	#pragma AVRPART MEMORY INT_SRAM START_ADDR 0x100
                 
                 	#define CALL_SUPPORTED 1
                 
                 	.LISTMAC
                 	.EQU EERE=0x0
                 	.EQU EEWE=0x1
                 	.EQU EEMWE=0x2
                 	.EQU UDRE=0x5
                 	.EQU RXC=0x7
                 	.EQU EECR=0x1F
                 	.EQU EEDR=0x20
                 	.EQU EEARL=0x21
                 	.EQU EEARH=0x22
                 	.EQU SPSR=0x2D
                 	.EQU SPDR=0x2E
                 	.EQU SMCR=0x33
                 	.EQU MCUSR=0x34
                 	.EQU MCUCR=0x35
                 	.EQU WDTCSR=0x60
                 	.EQU UCSR0A=0xC0
                 	.EQU UDR0=0xC6
                 	.EQU SPL=0x3D
                 	.EQU SPH=0x3E
                 	.EQU SREG=0x3F
                 	.EQU GPIOR0=0x1E
                 
                 	.DEF R0X0=R0
                 	.DEF R0X1=R1
                 	.DEF R0X2=R2
                 	.DEF R0X3=R3
                 	.DEF R0X4=R4
                 	.DEF R0X5=R5
                 	.DEF R0X6=R6
                 	.DEF R0X7=R7
                 	.DEF R0X8=R8
                 	.DEF R0X9=R9
                 	.DEF R0XA=R10
                 	.DEF R0XB=R11
                 	.DEF R0XC=R12
                 	.DEF R0XD=R13
                 	.DEF R0XE=R14
                 	.DEF R0XF=R15
                 	.DEF R0X10=R16
                 	.DEF R0X11=R17
                 	.DEF R0X12=R18
                 	.DEF R0X13=R19
                 	.DEF R0X14=R20
                 	.DEF R0X15=R21
                 	.DEF R0X16=R22
                 	.DEF R0X17=R23
                 	.DEF R0X18=R24
                 	.DEF R0X19=R25
                 	.DEF R0X1A=R26
                 	.DEF R0X1B=R27
                 	.DEF R0X1C=R28
                 	.DEF R0X1D=R29
                 	.DEF R0X1E=R30
                 	.DEF R0X1F=R31
                 
                 	.EQU __SRAM_START=0x0100
                 	.EQU __SRAM_END=0x08FF
                 	.EQU __DSTACK_SIZE=0x0200
                 	.EQU __HEAP_SIZE=0x0000
                 	.EQU __CLEAR_SRAM_SIZE=__SRAM_END-__SRAM_START+1
                 
                 	.MACRO __CPD1N
                 	CPI  R30,LOW(@0)
                 	LDI  R26,HIGH(@0)
                 	CPC  R31,R26
                 	LDI  R26,BYTE3(@0)
                 	CPC  R22,R26
                 	LDI  R26,BYTE4(@0)
                 	CPC  R23,R26
                 	.ENDM
                 
                 	.MACRO __CPD2N
                 	CPI  R26,LOW(@0)
                 	LDI  R30,HIGH(@0)
                 	CPC  R27,R30
                 	LDI  R30,BYTE3(@0)
                 	CPC  R24,R30
                 	LDI  R30,BYTE4(@0)
                 	CPC  R25,R30
                 	.ENDM
                 
                 	.MACRO __CPWRR
                 	CP   R@0,R@2
                 	CPC  R@1,R@3
                 	.ENDM
                 
                 	.MACRO __CPWRN
                 	CPI  R@0,LOW(@2)
                 	LDI  R30,HIGH(@2)
                 	CPC  R@1,R30
                 	.ENDM
                 
                 	.MACRO __ADDB1MN
                 	SUBI R30,LOW(-@0-(@1))
                 	.ENDM
                 
                 	.MACRO __ADDB2MN
                 	SUBI R26,LOW(-@0-(@1))
                 	.ENDM
                 
                 	.MACRO __ADDW1MN
                 	SUBI R30,LOW(-@0-(@1))
                 	SBCI R31,HIGH(-@0-(@1))
                 	.ENDM
                 
                 	.MACRO __ADDW2MN
                 	SUBI R26,LOW(-@0-(@1))
                 	SBCI R27,HIGH(-@0-(@1))
                 	.ENDM
                 
                 	.MACRO __ADDW1FN
                 	SUBI R30,LOW(-2*@0-(@1))
                 	SBCI R31,HIGH(-2*@0-(@1))
                 	.ENDM
                 
                 	.MACRO __ADDD1FN
                 	SUBI R30,LOW(-2*@0-(@1))
                 	SBCI R31,HIGH(-2*@0-(@1))
                 	SBCI R22,BYTE3(-2*@0-(@1))
                 	.ENDM
                 
                 	.MACRO __ADDD1N
                 	SUBI R30,LOW(-@0)
                 	SBCI R31,HIGH(-@0)
                 	SBCI R22,BYTE3(-@0)
                 	SBCI R23,BYTE4(-@0)
                 	.ENDM
                 
                 	.MACRO __ADDD2N
                 	SUBI R26,LOW(-@0)
                 	SBCI R27,HIGH(-@0)
                 	SBCI R24,BYTE3(-@0)
                 	SBCI R25,BYTE4(-@0)
                 	.ENDM
                 
                 	.MACRO __SUBD1N
                 	SUBI R30,LOW(@0)
                 	SBCI R31,HIGH(@0)
                 	SBCI R22,BYTE3(@0)
                 	SBCI R23,BYTE4(@0)
                 	.ENDM
                 
                 	.MACRO __SUBD2N
                 	SUBI R26,LOW(@0)
                 	SBCI R27,HIGH(@0)
                 	SBCI R24,BYTE3(@0)
                 	SBCI R25,BYTE4(@0)
                 	.ENDM
                 
                 	.MACRO __ANDBMNN
                 	LDS  R30,@0+(@1)
                 	ANDI R30,LOW(@2)
                 	STS  @0+(@1),R30
                 	.ENDM
                 
                 	.MACRO __ANDWMNN
                 	LDS  R30,@0+(@1)
                 	ANDI R30,LOW(@2)
                 	STS  @0+(@1),R30
                 	LDS  R30,@0+(@1)+1
                 	ANDI R30,HIGH(@2)
                 	STS  @0+(@1)+1,R30
                 	.ENDM
                 
                 	.MACRO __ANDD1N
                 	ANDI R30,LOW(@0)
                 	ANDI R31,HIGH(@0)
                 	ANDI R22,BYTE3(@0)
                 	ANDI R23,BYTE4(@0)
                 	.ENDM
                 
                 	.MACRO __ANDD2N
                 	ANDI R26,LOW(@0)
                 	ANDI R27,HIGH(@0)
                 	ANDI R24,BYTE3(@0)
                 	ANDI R25,BYTE4(@0)
                 	.ENDM
                 
                 	.MACRO __ORBMNN
                 	LDS  R30,@0+(@1)
                 	ORI  R30,LOW(@2)
                 	STS  @0+(@1),R30
                 	.ENDM
                 
                 	.MACRO __ORWMNN
                 	LDS  R30,@0+(@1)
                 	ORI  R30,LOW(@2)
                 	STS  @0+(@1),R30
                 	LDS  R30,@0+(@1)+1
                 	ORI  R30,HIGH(@2)
                 	STS  @0+(@1)+1,R30
                 	.ENDM
                 
                 	.MACRO __ORD1N
                 	ORI  R30,LOW(@0)
                 	ORI  R31,HIGH(@0)
                 	ORI  R22,BYTE3(@0)
                 	ORI  R23,BYTE4(@0)
                 	.ENDM
                 
                 	.MACRO __ORD2N
                 	ORI  R26,LOW(@0)
                 	ORI  R27,HIGH(@0)
                 	ORI  R24,BYTE3(@0)
                 	ORI  R25,BYTE4(@0)
                 	.ENDM
                 
                 	.MACRO __DELAY_USB
                 	LDI  R24,LOW(@0)
                 __DELAY_USB_LOOP:
                 	DEC  R24
                 	BRNE __DELAY_USB_LOOP
                 	.ENDM
                 
                 	.MACRO __DELAY_USW
                 	LDI  R24,LOW(@0)
                 	LDI  R25,HIGH(@0)
                 __DELAY_USW_LOOP:
                 	SBIW R24,1
                 	BRNE __DELAY_USW_LOOP
                 	.ENDM
                 
                 	.MACRO __GETD1S
                 	LDD  R30,Y+@0
                 	LDD  R31,Y+@0+1
                 	LDD  R22,Y+@0+2
                 	LDD  R23,Y+@0+3
                 	.ENDM
                 
                 	.MACRO __GETD2S
                 	LDD  R26,Y+@0
                 	LDD  R27,Y+@0+1
                 	LDD  R24,Y+@0+2
                 	LDD  R25,Y+@0+3
                 	.ENDM
                 
                 	.MACRO __PUTD1S
                 	STD  Y+@0,R30
                 	STD  Y+@0+1,R31
                 	STD  Y+@0+2,R22
                 	STD  Y+@0+3,R23
                 	.ENDM
                 
                 	.MACRO __PUTD2S
                 	STD  Y+@0,R26
                 	STD  Y+@0+1,R27
                 	STD  Y+@0+2,R24
                 	STD  Y+@0+3,R25
                 	.ENDM
                 
                 	.MACRO __PUTDZ2
                 	STD  Z+@0,R26
                 	STD  Z+@0+1,R27
                 	STD  Z+@0+2,R24
                 	STD  Z+@0+3,R25
                 	.ENDM
                 
                 	.MACRO __CLRD1S
                 	STD  Y+@0,R30
                 	STD  Y+@0+1,R30
                 	STD  Y+@0+2,R30
                 	STD  Y+@0+3,R30
                 	.ENDM
                 
                 	.MACRO __POINTB1MN
                 	LDI  R30,LOW(@0+(@1))
                 	.ENDM
                 
                 	.MACRO __POINTW1MN
                 	LDI  R30,LOW(@0+(@1))
                 	LDI  R31,HIGH(@0+(@1))
                 	.ENDM
                 
                 	.MACRO __POINTD1M
                 	LDI  R30,LOW(@0)
                 	LDI  R31,HIGH(@0)
                 	LDI  R22,BYTE3(@0)
                 	LDI  R23,BYTE4(@0)
                 	.ENDM
                 
                 	.MACRO __POINTW1FN
                 	LDI  R30,LOW(2*@0+(@1))
                 	LDI  R31,HIGH(2*@0+(@1))
                 	.ENDM
                 
                 	.MACRO __POINTD1FN
                 	LDI  R30,LOW(2*@0+(@1))
                 	LDI  R31,HIGH(2*@0+(@1))
                 	LDI  R22,BYTE3(2*@0+(@1))
                 	LDI  R23,BYTE4(2*@0+(@1))
                 	.ENDM
                 
                 	.MACRO __POINTB2MN
                 	LDI  R26,LOW(@0+(@1))
                 	.ENDM
                 
                 	.MACRO __POINTW2MN
                 	LDI  R26,LOW(@0+(@1))
                 	LDI  R27,HIGH(@0+(@1))
                 	.ENDM
                 
                 	.MACRO __POINTW2FN
                 	LDI  R26,LOW(2*@0+(@1))
                 	LDI  R27,HIGH(2*@0+(@1))
                 	.ENDM
                 
                 	.MACRO __POINTD2FN
                 	LDI  R26,LOW(2*@0+(@1))
                 	LDI  R27,HIGH(2*@0+(@1))
                 	LDI  R24,BYTE3(2*@0+(@1))
                 	LDI  R25,BYTE4(2*@0+(@1))
                 	.ENDM
                 
                 	.MACRO __POINTBRM
                 	LDI  R@0,LOW(@1)
                 	.ENDM
                 
                 	.MACRO __POINTWRM
                 	LDI  R@0,LOW(@2)
                 	LDI  R@1,HIGH(@2)
                 	.ENDM
                 
                 	.MACRO __POINTBRMN
                 	LDI  R@0,LOW(@1+(@2))
                 	.ENDM
                 
                 	.MACRO __POINTWRMN
                 	LDI  R@0,LOW(@2+(@3))
                 	LDI  R@1,HIGH(@2+(@3))
                 	.ENDM
                 
                 	.MACRO __POINTWRFN
                 	LDI  R@0,LOW(@2*2+(@3))
                 	LDI  R@1,HIGH(@2*2+(@3))
                 	.ENDM
                 
                 	.MACRO __GETD1N
                 	LDI  R30,LOW(@0)
                 	LDI  R31,HIGH(@0)
                 	LDI  R22,BYTE3(@0)
                 	LDI  R23,BYTE4(@0)
                 	.ENDM
                 
                 	.MACRO __GETD2N
                 	LDI  R26,LOW(@0)
                 	LDI  R27,HIGH(@0)
                 	LDI  R24,BYTE3(@0)
                 	LDI  R25,BYTE4(@0)
                 	.ENDM
                 
                 	.MACRO __GETB1MN
                 	LDS  R30,@0+(@1)
                 	.ENDM
                 
                 	.MACRO __GETB1HMN
                 	LDS  R31,@0+(@1)
                 	.ENDM
                 
                 	.MACRO __GETW1MN
                 	LDS  R30,@0+(@1)
                 	LDS  R31,@0+(@1)+1
                 	.ENDM
                 
                 	.MACRO __GETD1MN
                 	LDS  R30,@0+(@1)
                 	LDS  R31,@0+(@1)+1
                 	LDS  R22,@0+(@1)+2
                 	LDS  R23,@0+(@1)+3
                 	.ENDM
                 
                 	.MACRO __GETBRMN
                 	LDS  R@0,@1+(@2)
                 	.ENDM
                 
                 	.MACRO __GETWRMN
                 	LDS  R@0,@2+(@3)
                 	LDS  R@1,@2+(@3)+1
                 	.ENDM
                 
                 	.MACRO __GETWRZ
                 	LDD  R@0,Z+@2
                 	LDD  R@1,Z+@2+1
                 	.ENDM
                 
                 	.MACRO __GETD2Z
                 	LDD  R26,Z+@0
                 	LDD  R27,Z+@0+1
                 	LDD  R24,Z+@0+2
                 	LDD  R25,Z+@0+3
                 	.ENDM
                 
                 	.MACRO __GETB2MN
                 	LDS  R26,@0+(@1)
                 	.ENDM
                 
                 	.MACRO __GETW2MN
                 	LDS  R26,@0+(@1)
                 	LDS  R27,@0+(@1)+1
                 	.ENDM
                 
                 	.MACRO __GETD2MN
                 	LDS  R26,@0+(@1)
                 	LDS  R27,@0+(@1)+1
                 	LDS  R24,@0+(@1)+2
                 	LDS  R25,@0+(@1)+3
                 	.ENDM
                 
                 	.MACRO __PUTB1MN
                 	STS  @0+(@1),R30
                 	.ENDM
                 
                 	.MACRO __PUTW1MN
                 	STS  @0+(@1),R30
                 	STS  @0+(@1)+1,R31
                 	.ENDM
                 
                 	.MACRO __PUTD1MN
                 	STS  @0+(@1),R30
                 	STS  @0+(@1)+1,R31
                 	STS  @0+(@1)+2,R22
                 	STS  @0+(@1)+3,R23
                 	.ENDM
                 
                 	.MACRO __PUTB1EN
                 	LDI  R26,LOW(@0+(@1))
                 	LDI  R27,HIGH(@0+(@1))
                 	CALL __EEPROMWRB
                 	.ENDM
                 
                 	.MACRO __PUTW1EN
                 	LDI  R26,LOW(@0+(@1))
                 	LDI  R27,HIGH(@0+(@1))
                 	CALL __EEPROMWRW
                 	.ENDM
                 
                 	.MACRO __PUTD1EN
                 	LDI  R26,LOW(@0+(@1))
                 	LDI  R27,HIGH(@0+(@1))
                 	CALL __EEPROMWRD
                 	.ENDM
                 
                 	.MACRO __PUTBR0MN
                 	STS  @0+(@1),R0
                 	.ENDM
                 
                 	.MACRO __PUTBMRN
                 	STS  @0+(@1),R@2
                 	.ENDM
                 
                 	.MACRO __PUTWMRN
                 	STS  @0+(@1),R@2
                 	STS  @0+(@1)+1,R@3
                 	.ENDM
                 
                 	.MACRO __PUTBZR
                 	STD  Z+@1,R@0
                 	.ENDM
                 
                 	.MACRO __PUTWZR
                 	STD  Z+@2,R@0
                 	STD  Z+@2+1,R@1
                 	.ENDM
                 
                 	.MACRO __GETW1R
                 	MOV  R30,R@0
                 	MOV  R31,R@1
                 	.ENDM
                 
                 	.MACRO __GETW2R
                 	MOV  R26,R@0
                 	MOV  R27,R@1
                 	.ENDM
                 
                 	.MACRO __GETWRN
                 	LDI  R@0,LOW(@2)
                 	LDI  R@1,HIGH(@2)
                 	.ENDM
                 
                 	.MACRO __PUTW1R
                 	MOV  R@0,R30
                 	MOV  R@1,R31
                 	.ENDM
                 
                 	.MACRO __PUTW2R
                 	MOV  R@0,R26
                 	MOV  R@1,R27
                 	.ENDM
                 
                 	.MACRO __ADDWRN
                 	SUBI R@0,LOW(-@2)
                 	SBCI R@1,HIGH(-@2)
                 	.ENDM
                 
                 	.MACRO __ADDWRR
                 	ADD  R@0,R@2
                 	ADC  R@1,R@3
                 	.ENDM
                 
                 	.MACRO __SUBWRN
                 	SUBI R@0,LOW(@2)
                 	SBCI R@1,HIGH(@2)
                 	.ENDM
                 
                 	.MACRO __SUBWRR
                 	SUB  R@0,R@2
                 	SBC  R@1,R@3
                 	.ENDM
                 
                 	.MACRO __ANDWRN
                 	ANDI R@0,LOW(@2)
                 	ANDI R@1,HIGH(@2)
                 	.ENDM
                 
                 	.MACRO __ANDWRR
                 	AND  R@0,R@2
                 	AND  R@1,R@3
                 	.ENDM
                 
                 	.MACRO __ORWRN
                 	ORI  R@0,LOW(@2)
                 	ORI  R@1,HIGH(@2)
                 	.ENDM
                 
                 	.MACRO __ORWRR
                 	OR   R@0,R@2
                 	OR   R@1,R@3
                 	.ENDM
                 
                 	.MACRO __EORWRR
                 	EOR  R@0,R@2
                 	EOR  R@1,R@3
                 	.ENDM
                 
                 	.MACRO __GETWRS
                 	LDD  R@0,Y+@2
                 	LDD  R@1,Y+@2+1
                 	.ENDM
                 
                 	.MACRO __PUTBSR
                 	STD  Y+@1,R@0
                 	.ENDM
                 
                 	.MACRO __PUTWSR
                 	STD  Y+@2,R@0
                 	STD  Y+@2+1,R@1
                 	.ENDM
                 
                 	.MACRO __MOVEWRR
                 	MOV  R@0,R@2
                 	MOV  R@1,R@3
                 	.ENDM
                 
                 	.MACRO __INWR
                 	IN   R@0,@2
                 	IN   R@1,@2+1
                 	.ENDM
                 
                 	.MACRO __OUTWR
                 	OUT  @2+1,R@1
                 	OUT  @2,R@0
                 	.ENDM
                 
                 	.MACRO __CALL1MN
                 	LDS  R30,@0+(@1)
                 	LDS  R31,@0+(@1)+1
                 	ICALL
                 	.ENDM
                 
                 	.MACRO __CALL1FN
                 	LDI  R30,LOW(2*@0+(@1))
                 	LDI  R31,HIGH(2*@0+(@1))
                 	CALL __GETW1PF
                 	ICALL
                 	.ENDM
                 
                 	.MACRO __CALL2EN
                 	PUSH R26
                 	PUSH R27
                 	LDI  R26,LOW(@0+(@1))
                 	LDI  R27,HIGH(@0+(@1))
                 	CALL __EEPROMRDW
                 	POP  R27
                 	POP  R26
                 	ICALL
                 	.ENDM
                 
                 	.MACRO __CALL2EX
                 	SUBI R26,LOW(-@0)
                 	SBCI R27,HIGH(-@0)
                 	CALL __EEPROMRDD
                 	ICALL
                 	.ENDM
                 
                 	.MACRO __GETW1STACK
                 	IN   R30,SPL
                 	IN   R31,SPH
                 	ADIW R30,@0+1
                 	LD   R0,Z+
                 	LD   R31,Z
                 	MOV  R30,R0
                 	.ENDM
                 
                 	.MACRO __GETD1STACK
                 	IN   R30,SPL
                 	IN   R31,SPH
                 	ADIW R30,@0+1
                 	LD   R0,Z+
                 	LD   R1,Z+
                 	LD   R22,Z
                 	MOVW R30,R0
                 	.ENDM
                 
                 	.MACRO __NBST
                 	BST  R@0,@1
                 	IN   R30,SREG
                 	LDI  R31,0x40
                 	EOR  R30,R31
                 	OUT  SREG,R30
                 	.ENDM
                 
                 
                 	.MACRO __PUTB1SN
                 	LDD  R26,Y+@0
                 	LDD  R27,Y+@0+1
                 	SUBI R26,LOW(-@1)
                 	SBCI R27,HIGH(-@1)
                 	ST   X,R30
                 	.ENDM
                 
                 	.MACRO __PUTW1SN
                 	LDD  R26,Y+@0
                 	LDD  R27,Y+@0+1
                 	SUBI R26,LOW(-@1)
                 	SBCI R27,HIGH(-@1)
                 	ST   X+,R30
                 	ST   X,R31
                 	.ENDM
                 
                 	.MACRO __PUTD1SN
                 	LDD  R26,Y+@0
                 	LDD  R27,Y+@0+1
                 	SUBI R26,LOW(-@1)
                 	SBCI R27,HIGH(-@1)
                 	CALL __PUTDP1
                 	.ENDM
                 
                 	.MACRO __PUTB1SNS
                 	LDD  R26,Y+@0
                 	LDD  R27,Y+@0+1
                 	ADIW R26,@1
                 	ST   X,R30
                 	.ENDM
                 
                 	.MACRO __PUTW1SNS
                 	LDD  R26,Y+@0
                 	LDD  R27,Y+@0+1
                 	ADIW R26,@1
                 	ST   X+,R30
                 	ST   X,R31
                 	.ENDM
                 
                 	.MACRO __PUTD1SNS
                 	LDD  R26,Y+@0
                 	LDD  R27,Y+@0+1
                 	ADIW R26,@1
                 	CALL __PUTDP1
                 	.ENDM
                 
                 	.MACRO __PUTB1PMN
                 	LDS  R26,@0
                 	LDS  R27,@0+1
                 	SUBI R26,LOW(-@1)
                 	SBCI R27,HIGH(-@1)
                 	ST   X,R30
                 	.ENDM
                 
                 	.MACRO __PUTW1PMN
                 	LDS  R26,@0
                 	LDS  R27,@0+1
                 	SUBI R26,LOW(-@1)
                 	SBCI R27,HIGH(-@1)
                 	ST   X+,R30
                 	ST   X,R31
                 	.ENDM
                 
                 	.MACRO __PUTD1PMN
                 	LDS  R26,@0
                 	LDS  R27,@0+1
                 	SUBI R26,LOW(-@1)
                 	SBCI R27,HIGH(-@1)
                 	CALL __PUTDP1
                 	.ENDM
                 
                 	.MACRO __PUTB1PMNS
                 	LDS  R26,@0
                 	LDS  R27,@0+1
                 	ADIW R26,@1
                 	ST   X,R30
                 	.ENDM
                 
                 	.MACRO __PUTW1PMNS
                 	LDS  R26,@0
                 	LDS  R27,@0+1
                 	ADIW R26,@1
                 	ST   X+,R30
                 	ST   X,R31
                 	.ENDM
                 
                 	.MACRO __PUTD1PMNS
                 	LDS  R26,@0
                 	LDS  R27,@0+1
                 	ADIW R26,@1
                 	CALL __PUTDP1
                 	.ENDM
                 
                 	.MACRO __PUTB1RN
                 	MOVW R26,R@0
                 	SUBI R26,LOW(-@1)
                 	SBCI R27,HIGH(-@1)
                 	ST   X,R30
                 	.ENDM
                 
                 	.MACRO __PUTW1RN
                 	MOVW R26,R@0
                 	SUBI R26,LOW(-@1)
                 	SBCI R27,HIGH(-@1)
                 	ST   X+,R30
                 	ST   X,R31
                 	.ENDM
                 
                 	.MACRO __PUTD1RN
                 	MOVW R26,R@0
                 	SUBI R26,LOW(-@1)
                 	SBCI R27,HIGH(-@1)
                 	CALL __PUTDP1
                 	.ENDM
                 
                 	.MACRO __PUTB1RNS
                 	MOVW R26,R@0
                 	ADIW R26,@1
                 	ST   X,R30
                 	.ENDM
                 
                 	.MACRO __PUTW1RNS
                 	MOVW R26,R@0
                 	ADIW R26,@1
                 	ST   X+,R30
                 	ST   X,R31
                 	.ENDM
                 
                 	.MACRO __PUTD1RNS
                 	MOVW R26,R@0
                 	ADIW R26,@1
                 	CALL __PUTDP1
                 	.ENDM
                 
                 	.MACRO __PUTB1RON
                 	MOV  R26,R@0
                 	MOV  R27,R@1
                 	SUBI R26,LOW(-@2)
                 	SBCI R27,HIGH(-@2)
                 	ST   X,R30
                 	.ENDM
                 
                 	.MACRO __PUTW1RON
                 	MOV  R26,R@0
                 	MOV  R27,R@1
                 	SUBI R26,LOW(-@2)
                 	SBCI R27,HIGH(-@2)
                 	ST   X+,R30
                 	ST   X,R31
                 	.ENDM
                 
                 	.MACRO __PUTD1RON
                 	MOV  R26,R@0
                 	MOV  R27,R@1
                 	SUBI R26,LOW(-@2)
                 	SBCI R27,HIGH(-@2)
                 	CALL __PUTDP1
                 	.ENDM
                 
                 	.MACRO __PUTB1RONS
                 	MOV  R26,R@0
                 	MOV  R27,R@1
                 	ADIW R26,@2
                 	ST   X,R30
                 	.ENDM
                 
                 	.MACRO __PUTW1RONS
                 	MOV  R26,R@0
                 	MOV  R27,R@1
                 	ADIW R26,@2
                 	ST   X+,R30
                 	ST   X,R31
                 	.ENDM
                 
                 	.MACRO __PUTD1RONS
                 	MOV  R26,R@0
                 	MOV  R27,R@1
                 	ADIW R26,@2
                 	CALL __PUTDP1
                 	.ENDM
                 
                 
                 	.MACRO __GETB1SX
                 	MOVW R30,R28
                 	SUBI R30,LOW(-@0)
                 	SBCI R31,HIGH(-@0)
                 	LD   R30,Z
                 	.ENDM
                 
                 	.MACRO __GETB1HSX
                 	MOVW R30,R28
                 	SUBI R30,LOW(-@0)
                 	SBCI R31,HIGH(-@0)
                 	LD   R31,Z
                 	.ENDM
                 
                 	.MACRO __GETW1SX
                 	MOVW R30,R28
                 	SUBI R30,LOW(-@0)
                 	SBCI R31,HIGH(-@0)
                 	LD   R0,Z+
                 	LD   R31,Z
                 	MOV  R30,R0
                 	.ENDM
                 
                 	.MACRO __GETD1SX
                 	MOVW R30,R28
                 	SUBI R30,LOW(-@0)
                 	SBCI R31,HIGH(-@0)
                 	LD   R0,Z+
                 	LD   R1,Z+
                 	LD   R22,Z+
                 	LD   R23,Z
                 	MOVW R30,R0
                 	.ENDM
                 
                 	.MACRO __GETB2SX
                 	MOVW R26,R28
                 	SUBI R26,LOW(-@0)
                 	SBCI R27,HIGH(-@0)
                 	LD   R26,X
                 	.ENDM
                 
                 	.MACRO __GETW2SX
                 	MOVW R26,R28
                 	SUBI R26,LOW(-@0)
                 	SBCI R27,HIGH(-@0)
                 	LD   R0,X+
                 	LD   R27,X
                 	MOV  R26,R0
                 	.ENDM
                 
                 	.MACRO __GETD2SX
                 	MOVW R26,R28
                 	SUBI R26,LOW(-@0)
                 	SBCI R27,HIGH(-@0)
                 	LD   R0,X+
                 	LD   R1,X+
                 	LD   R24,X+
                 	LD   R25,X
                 	MOVW R26,R0
                 	.ENDM
                 
                 	.MACRO __GETBRSX
                 	MOVW R30,R28
                 	SUBI R30,LOW(-@1)
                 	SBCI R31,HIGH(-@1)
                 	LD   R@0,Z
                 	.ENDM
                 
                 	.MACRO __GETWRSX
                 	MOVW R30,R28
                 	SUBI R30,LOW(-@2)
                 	SBCI R31,HIGH(-@2)
                 	LD   R@0,Z+
                 	LD   R@1,Z
                 	.ENDM
                 
                 	.MACRO __GETBRSX2
                 	MOVW R26,R28
                 	SUBI R26,LOW(-@1)
                 	SBCI R27,HIGH(-@1)
                 	LD   R@0,X
                 	.ENDM
                 
                 	.MACRO __GETWRSX2
                 	MOVW R26,R28
                 	SUBI R26,LOW(-@2)
                 	SBCI R27,HIGH(-@2)
                 	LD   R@0,X+
                 	LD   R@1,X
                 	.ENDM
                 
                 	.MACRO __LSLW8SX
                 	MOVW R30,R28
                 	SUBI R30,LOW(-@0)
                 	SBCI R31,HIGH(-@0)
                 	LD   R31,Z
                 	CLR  R30
                 	.ENDM
                 
                 	.MACRO __PUTB1SX
                 	MOVW R26,R28
                 	SUBI R26,LOW(-@0)
                 	SBCI R27,HIGH(-@0)
                 	ST   X,R30
                 	.ENDM
                 
                 	.MACRO __PUTW1SX
                 	MOVW R26,R28
                 	SUBI R26,LOW(-@0)
                 	SBCI R27,HIGH(-@0)
                 	ST   X+,R30
                 	ST   X,R31
                 	.ENDM
                 
                 	.MACRO __PUTD1SX
                 	MOVW R26,R28
                 	SUBI R26,LOW(-@0)
                 	SBCI R27,HIGH(-@0)
                 	ST   X+,R30
                 	ST   X+,R31
                 	ST   X+,R22
                 	ST   X,R23
                 	.ENDM
                 
                 	.MACRO __CLRW1SX
                 	MOVW R26,R28
                 	SUBI R26,LOW(-@0)
                 	SBCI R27,HIGH(-@0)
                 	ST   X+,R30
                 	ST   X,R30
                 	.ENDM
                 
                 	.MACRO __CLRD1SX
                 	MOVW R26,R28
                 	SUBI R26,LOW(-@0)
                 	SBCI R27,HIGH(-@0)
                 	ST   X+,R30
                 	ST   X+,R30
                 	ST   X+,R30
                 	ST   X,R30
                 	.ENDM
                 
                 	.MACRO __PUTB2SX
                 	MOVW R30,R28
                 	SUBI R30,LOW(-@0)
                 	SBCI R31,HIGH(-@0)
                 	ST   Z,R26
                 	.ENDM
                 
                 	.MACRO __PUTW2SX
                 	MOVW R30,R28
                 	SUBI R30,LOW(-@0)
                 	SBCI R31,HIGH(-@0)
                 	ST   Z+,R26
                 	ST   Z,R27
                 	.ENDM
                 
                 	.MACRO __PUTD2SX
                 	MOVW R30,R28
                 	SUBI R30,LOW(-@0)
                 	SBCI R31,HIGH(-@0)
                 	ST   Z+,R26
                 	ST   Z+,R27
                 	ST   Z+,R24
                 	ST   Z,R25
                 	.ENDM
                 
                 	.MACRO __PUTBSRX
                 	MOVW R30,R28
                 	SUBI R30,LOW(-@1)
                 	SBCI R31,HIGH(-@1)
                 	ST   Z,R@0
                 	.ENDM
                 
                 	.MACRO __PUTWSRX
                 	MOVW R30,R28
                 	SUBI R30,LOW(-@2)
                 	SBCI R31,HIGH(-@2)
                 	ST   Z+,R@0
                 	ST   Z,R@1
                 	.ENDM
                 
                 	.MACRO __PUTB1SNX
                 	MOVW R26,R28
                 	SUBI R26,LOW(-@0)
                 	SBCI R27,HIGH(-@0)
                 	LD   R0,X+
                 	LD   R27,X
                 	MOV  R26,R0
                 	SUBI R26,LOW(-@1)
                 	SBCI R27,HIGH(-@1)
                 	ST   X,R30
                 	.ENDM
                 
                 	.MACRO __PUTW1SNX
                 	MOVW R26,R28
                 	SUBI R26,LOW(-@0)
                 	SBCI R27,HIGH(-@0)
                 	LD   R0,X+
                 	LD   R27,X
                 	MOV  R26,R0
                 	SUBI R26,LOW(-@1)
                 	SBCI R27,HIGH(-@1)
                 	ST   X+,R30
                 	ST   X,R31
                 	.ENDM
                 
                 	.MACRO __PUTD1SNX
                 	MOVW R26,R28
                 	SUBI R26,LOW(-@0)
                 	SBCI R27,HIGH(-@0)
                 	LD   R0,X+
                 	LD   R27,X
                 	MOV  R26,R0
                 	SUBI R26,LOW(-@1)
                 	SBCI R27,HIGH(-@1)
                 	ST   X+,R30
                 	ST   X+,R31
                 	ST   X+,R22
                 	ST   X,R23
                 	.ENDM
                 
                 	.MACRO __MULBRR
                 	MULS R@0,R@1
                 	MOVW R30,R0
                 	.ENDM
                 
                 	.MACRO __MULBRRU
                 	MUL  R@0,R@1
                 	MOVW R30,R0
                 	.ENDM
                 
                 	.MACRO __MULBRR0
                 	MULS R@0,R@1
                 	.ENDM
                 
                 	.MACRO __MULBRRU0
                 	MUL  R@0,R@1
                 	.ENDM
                 
                 	.MACRO __MULBNWRU
                 	LDI  R26,@2
                 	MUL  R26,R@0
                 	MOVW R30,R0
                 	MUL  R26,R@1
                 	ADD  R31,R0
                 	.ENDM
                 
                 ;GPIOR0 INITIALIZATION VALUE
                 	.EQU __GPIOR0_INIT=0x00
                 
                 	.CSEG
                 	.ORG 0x00
                 
                 ;START OF CODE MARKER
                 __START_OF_CODE:
                 
                 ;INTERRUPT VECTORS
000000 940c 0058 	JMP  __RESET
000002 940c 0000 	JMP  0x00
000004 940c 0000 	JMP  0x00
000006 940c 0000 	JMP  0x00
000008 940c 0000 	JMP  0x00
00000a 940c 0000 	JMP  0x00
00000c 940c 0000 	JMP  0x00
00000e 940c 0000 	JMP  0x00
000010 940c 0000 	JMP  0x00
000012 940c 0000 	JMP  0x00
000014 940c 0000 	JMP  0x00
000016 940c 00a0 	JMP  _timer1_compa_isr
000018 940c 0000 	JMP  0x00
00001a 940c 0000 	JMP  0x00
00001c 940c 0000 	JMP  0x00
00001e 940c 0000 	JMP  0x00
000020 940c 0000 	JMP  0x00
000022 940c 0000 	JMP  0x00
000024 940c 0000 	JMP  0x00
000026 940c 0000 	JMP  0x00
000028 940c 0000 	JMP  0x00
00002a 940c 0000 	JMP  0x00
00002c 940c 0000 	JMP  0x00
00002e 940c 0000 	JMP  0x00
000030 940c 0000 	JMP  0x00
000032 940c 0000 	JMP  0x00
                 
                 _tbl10_G100:
000034 2710
000035 03e8
000036 0064
000037 000a      	.DB  0x10,0x27,0xE8,0x3,0x64,0x0,0xA,0x0
000038 0001      	.DB  0x1,0x0
                 _tbl16_G100:
000039 1000
00003a 0100
00003b 0010
00003c 0001      	.DB  0x0,0x10,0x0,0x1,0x10,0x0,0x1,0x0
                 
                 _0x3:
00003d 60fc
00003e f3db
00003f b766
000040 e1be      	.DB  0xFC,0x60,0xDB,0xF3,0x66,0xB7,0xBE,0xE1
000041 f6fe      	.DB  0xFE,0xF6
                 _0x0:
000042 6f4a
000043 6573
000044 4d20
000045 6e61      	.DB  0x4A,0x6F,0x73,0x65,0x20,0x4D,0x61,0x6E
000046 6575
000047 206c
000048 654e
000049 6972      	.DB  0x75,0x65,0x6C,0x20,0x4E,0x65,0x72,0x69
00004a 5620
00004b 6c69
00004c 656c
00004d 6164      	.DB  0x20,0x56,0x69,0x6C,0x6C,0x65,0x64,0x61
00004e 4120
00004f 3130
000050 3037
000051 3436      	.DB  0x20,0x41,0x30,0x31,0x37,0x30,0x36,0x34
000052 3035
000053 000d      	.DB  0x35,0x30,0xD,0x0
                 
                 __GLOBAL_INI_TBL:
000054 000a      	.DW  0x0A
000055 0305      	.DW  _SieteSeg
000056 007a      	.DW  _0x3*2
                 
                 _0xFFFFFFFF:
000057 0000      	.DW  0
                 
                 #define __GLOBAL_INI_TBL_PRESENT 1
                 
                 __RESET:
000058 94f8      	CLI
000059 27ee      	CLR  R30
00005a bbef      	OUT  EECR,R30
                 
                 ;INTERRUPT VECTORS ARE PLACED
                 ;AT THE START OF FLASH
00005b e0f1      	LDI  R31,1
00005c bff5      	OUT  MCUCR,R31
00005d bfe5      	OUT  MCUCR,R30
                 
                 ;CLEAR R2-R14
00005e e08d      	LDI  R24,(14-2)+1
00005f e0a2      	LDI  R26,2
000060 27bb      	CLR  R27
                 __CLEAR_REG:
000061 93ed      	ST   X+,R30
000062 958a      	DEC  R24
000063 f7e9      	BRNE __CLEAR_REG
                 
                 ;CLEAR SRAM
000064 e080      	LDI  R24,LOW(__CLEAR_SRAM_SIZE)
000065 e098      	LDI  R25,HIGH(__CLEAR_SRAM_SIZE)
000066 e0a0      	LDI  R26,LOW(__SRAM_START)
000067 e0b1      	LDI  R27,HIGH(__SRAM_START)
                 __CLEAR_SRAM:
000068 93ed      	ST   X+,R30
000069 9701      	SBIW R24,1
00006a f7e9      	BRNE __CLEAR_SRAM
                 
                 ;GLOBAL VARIABLES INITIALIZATION
00006b eae8      	LDI  R30,LOW(__GLOBAL_INI_TBL*2)
00006c e0f0      	LDI  R31,HIGH(__GLOBAL_INI_TBL*2)
                 __GLOBAL_INI_NEXT:
00006d 9185      	LPM  R24,Z+
00006e 9195      	LPM  R25,Z+
00006f 9700      	SBIW R24,0
000070 f061      	BREQ __GLOBAL_INI_END
000071 91a5      	LPM  R26,Z+
000072 91b5      	LPM  R27,Z+
000073 9005      	LPM  R0,Z+
000074 9015      	LPM  R1,Z+
000075 01bf      	MOVW R22,R30
000076 01f0      	MOVW R30,R0
                 __GLOBAL_INI_LOOP:
000077 9005      	LPM  R0,Z+
000078 920d      	ST   X+,R0
000079 9701      	SBIW R24,1
00007a f7e1      	BRNE __GLOBAL_INI_LOOP
00007b 01fb      	MOVW R30,R22
00007c cff0      	RJMP __GLOBAL_INI_NEXT
                 __GLOBAL_INI_END:
                 
                 ;GPIOR0 INITIALIZATION
00007d e0e0      	LDI  R30,__GPIOR0_INIT
00007e bbee      	OUT  GPIOR0,R30
                 
                 ;HARDWARE STACK POINTER INITIALIZATION
00007f efef      	LDI  R30,LOW(__SRAM_END-__HEAP_SIZE)
000080 bfed      	OUT  SPL,R30
000081 e0e8      	LDI  R30,HIGH(__SRAM_END-__HEAP_SIZE)
000082 bfee      	OUT  SPH,R30
                 
                 ;DATA STACK POINTER INITIALIZATION
000083 e0c0      	LDI  R28,LOW(__SRAM_START+__DSTACK_SIZE)
000084 e0d3      	LDI  R29,HIGH(__SRAM_START+__DSTACK_SIZE)
                 
000085 940c 00a6 	JMP  _main
                 
                 	.ESEG
                 	.ORG 0
                 
                 	.DSEG
                 	.ORG 0x300
                 
                 	.CSEG
                 ;/*
                 ; * Examen.c
                 ; *
                 ; * Created: 25/05/2021 04:32:41 p. m.
                 ; * Author: ManuelNeri
                 ; */
                 ;
                 ;#include <io.h>
                 	#ifndef __SLEEP_DEFINED__
                 	#define __SLEEP_DEFINED__
                 	.EQU __se_bit=0x01
                 	.EQU __sm_mask=0x0E
                 	.EQU __sm_adc_noise_red=0x02
                 	.EQU __sm_powerdown=0x04
                 	.EQU __sm_powersave=0x06
                 	.EQU __sm_standby=0x0C
                 	.EQU __sm_ext_standby=0x0E
                 	.SET power_ctrl_reg=smcr
                 	#endif
                 ;#include <stdio.h>
                 ;#include <delay.h>
                 ;
                 ;char dato = 0;
                 ;float dataso = 0;
                 ;unsigned char SieteSeg[16]={0xFC, 0x60, 0xDB, 0xF3, 0x66,
                 ;                            0xB7, 0xBE, 0XE1, 0xFE, 0xF6};
                 
                 	.DSEG
                 ;
                 ;
                 ;//---------------------Parte 2------------------------------------------------------------------------------------
                 ;// Voltage Reference: AVCC pin
                 ;#define ADC_VREF_TYPE ((0<<REFS1) | (1<<REFS0) | (1<<ADLAR))
                 ;
                 ;// Read the 8 most significant bits
                 ;// of the AD conversion result
                 ;unsigned char read_adc(unsigned char adc_input)
                 ; 0000 0019 {
                 
                 	.CSEG
                 _read_adc:
                 ; .FSTART _read_adc
                 ; 0000 001A ADMUX=adc_input | ADC_VREF_TYPE;
000087 93aa      	ST   -Y,R26
                 ;	adc_input -> Y+0
000088 81e8      	LD   R30,Y
000089 66e0      	ORI  R30,LOW(0x60)
00008a 93e0 007c 	STS  124,R30
                 ; 0000 001B // Delay needed for the stabilization of the ADC input voltage
                 ; 0000 001C delay_us(10);
                +
00008c e083     +LDI R24 , LOW ( 3 )
                +__DELAY_USB_LOOP :
00008d 958a     +DEC R24
00008e f7f1     +BRNE __DELAY_USB_LOOP
                 	__DELAY_USB 3
                 ; 0000 001D // Start the AD conversion
                 ; 0000 001E ADCSRA|=(1<<ADSC);
00008f 91e0 007a 	LDS  R30,122
000091 64e0      	ORI  R30,0x40
000092 93e0 007a 	STS  122,R30
                 ; 0000 001F // Wait for the AD conversion to complete
                 ; 0000 0020 while ((ADCSRA & (1<<ADIF))==0);
                 _0x4:
000094 91e0 007a 	LDS  R30,122
000096 71e0      	ANDI R30,LOW(0x10)
000097 f3e1      	BREQ _0x4
                 ; 0000 0021 ADCSRA|=(1<<ADIF);
000098 91e0 007a 	LDS  R30,122
00009a 61e0      	ORI  R30,0x10
00009b 93e0 007a 	STS  122,R30
                 ; 0000 0022 return ADCH;
00009d 91e0 0079 	LDS  R30,121
00009f c0d6      	RJMP _0x2060001
                 ; 0000 0023 }
                 ; .FEND
                 ;
                 ;//----------------------Parte 5------------------------------------------------------------------------------------
                 ;interrupt [TIM1_COMPA] void timer1_compa_isr(void)
                 ; 0000 0027 {
                 _timer1_compa_isr:
                 ; .FSTART _timer1_compa_isr
                 ; 0000 0028  PORTC.5=~PORTC.5;
0000a0 9b45      	SBIS 0x8,5
0000a1 c002      	RJMP _0x7
0000a2 9845      	CBI  0x8,5
0000a3 c001      	RJMP _0x8
                 _0x7:
0000a4 9a45      	SBI  0x8,5
                 _0x8:
                 ; 0000 0029 }
0000a5 9518      	RETI
                 ; .FEND
                 ;
                 ;void main(void)
                 ; 0000 002C {
                 _main:
                 ; .FSTART _main
                 ; 0000 002D 
                 ; 0000 002E DDRD=0x3C;
0000a6 e3ec      	LDI  R30,LOW(60)
0000a7 b9ea      	OUT  0xA,R30
                 ; 0000 002F DDRB=0xFE;
0000a8 efee      	LDI  R30,LOW(254)
0000a9 b9e4      	OUT  0x4,R30
                 ; 0000 0030 DDRC.1 = 0;
0000aa 9839      	CBI  0x7,1
                 ; 0000 0031 
                 ; 0000 0032 //Frecuencia a 8Mhz
                 ; 0000 0033 CLKPR = 0x80;     //Habilita cambio de frecuencia
0000ab e8e0      	LDI  R30,LOW(128)
0000ac 93e0 0061 	STS  97,R30
                 ; 0000 0034 CLKPR = 0;        //Micro a 8MHz
0000ae e0e0      	LDI  R30,LOW(0)
0000af 93e0 0061 	STS  97,R30
                 ; 0000 0035 
                 ; 0000 0036 //---------------------Parte 1 Frecuencia a-------------------------------------------------------------------------
                 ; 0000 0037 PORTD.0 = 1;      //Pull-up en PD0
0000b1 9a58      	SBI  0xB,0
                 ; 0000 0038 DDRD.6 = 1;       //Salida en PD6 (OC0A)
0000b2 9a56      	SBI  0xA,6
                 ; 0000 0039 TCCR0A = 0x42;    //CTC
0000b3 e4e2      	LDI  R30,LOW(66)
0000b4 bde4      	OUT  0x24,R30
                 ; 0000 003A TCCR0B = 0x03;    //CK/64
0000b5 e0e3      	LDI  R30,LOW(3)
0000b6 bde5      	OUT  0x25,R30
                 ; 0000 003B OCR0A = 178;
0000b7 ebe2      	LDI  R30,LOW(178)
0000b8 bde7      	OUT  0x27,R30
                 ; 0000 003C 
                 ; 0000 003D //---------------------Parte 2-------------------------------------------------------------------------------------
                 ; 0000 003E // ADC initialization
                 ; 0000 003F // ADC Clock frequency: 500.000 kHz
                 ; 0000 0040 // ADC Voltage Reference: AVCC pin
                 ; 0000 0041 // ADC Auto Trigger Source: ADC Stopped
                 ; 0000 0042 // Only the 8 most significant bits of
                 ; 0000 0043 // the AD conversion result are used
                 ; 0000 0044 // Digital input buffers on ADC0: On, ADC1: Off, ADC2: On, ADC3: On
                 ; 0000 0045 // ADC4: On, ADC5: On
                 ; 0000 0046 DIDR0=(0<<ADC5D) | (0<<ADC4D) | (0<<ADC3D) | (0<<ADC2D) | (1<<ADC1D) | (0<<ADC0D);
0000b9 e0e2      	LDI  R30,LOW(2)
0000ba 93e0 007e 	STS  126,R30
                 ; 0000 0047 ADMUX=ADC_VREF_TYPE;
0000bc e6e0      	LDI  R30,LOW(96)
0000bd 93e0 007c 	STS  124,R30
                 ; 0000 0048 ADCSRA=(1<<ADEN) | (0<<ADSC) | (0<<ADATE) | (0<<ADIF) | (0<<ADIE) | (0<<ADPS2) | (0<<ADPS1) | (1<<ADPS0);
0000bf e8e1      	LDI  R30,LOW(129)
0000c0 93e0 007a 	STS  122,R30
                 ; 0000 0049 ADCSRB=(0<<ADTS2) | (0<<ADTS1) | (0<<ADTS0);
0000c2 e0e0      	LDI  R30,LOW(0)
0000c3 93e0 007b 	STS  123,R30
                 ; 0000 004A 
                 ; 0000 004B //---------------------Parte 3-------------------------------------------------------------------------------------
                 ; 0000 004C // USART initialization
                 ; 0000 004D // Communication Parameters: 8 Data, 1 Stop, No Parity
                 ; 0000 004E // USART Receiver: On
                 ; 0000 004F // USART Transmitter: On
                 ; 0000 0050 // USART0 Mode: Asynchronous
                 ; 0000 0051 // USART Baud Rate: 1200 (Double Speed Mode)
                 ; 0000 0052 UCSR0A=(0<<RXC0) | (0<<TXC0) | (0<<UDRE0) | (0<<FE0) | (0<<DOR0) | (0<<UPE0) | (0<<U2X0) | (0<<MPCM0);
0000c5 93e0 00c0 	STS  192,R30
                 ; 0000 0053 UCSR0B=(0<<RXCIE0) | (0<<TXCIE0) | (0<<UDRIE0) | (1<<RXEN0) | (1<<TXEN0) | (0<<UCSZ02) | (0<<RXB80) | (0<<TXB80);
0000c7 e1e8      	LDI  R30,LOW(24)
0000c8 93e0 00c1 	STS  193,R30
                 ; 0000 0054 UCSR0C=(0<<UMSEL01) | (0<<UMSEL00) | (0<<UPM01) | (0<<UPM00) | (0<<USBS0) | (1<<UCSZ01) | (1<<UCSZ00) | (0<<UCPOL0);
0000ca e0e6      	LDI  R30,LOW(6)
0000cb 93e0 00c2 	STS  194,R30
                 ; 0000 0055 UBRR0H=0x01;
0000cd e0e1      	LDI  R30,LOW(1)
0000ce 93e0 00c5 	STS  197,R30
                 ; 0000 0056 UBRR0L=0xA0;
0000d0 eae0      	LDI  R30,LOW(160)
0000d1 93e0 00c4 	STS  196,R30
                 ; 0000 0057 printf("Jose Manuel Neri Villeda A01706450\r");
                +
0000d3 e8e4     +LDI R30 , LOW ( 2 * _0x0 + ( 0 ) )
0000d4 e0f0     +LDI R31 , HIGH ( 2 * _0x0 + ( 0 ) )
                 	__POINTW1FN _0x0,0
0000d5 93fa      	ST   -Y,R31
0000d6 93ea      	ST   -Y,R30
0000d7 e080      	LDI  R24,0
0000d8 d1e0      	RCALL _printf
0000d9 9622      	ADIW R28,2
                 ; 0000 0058 
                 ; 0000 0059 //--------------------Parte 5-------------------------------------------------------------------------------------
                 ; 0000 005A TCCR1A = 0x00;TCCR1B = 0x0B;OCR1AH=12499/256;OCR1AL=12449%256;TIMSK1=0x02;#asm("SEI");     DDRC.5=1;
0000da e0e0      	LDI  R30,LOW(0)
0000db 93e0 0080 	STS  128,R30
0000dd e0eb      	LDI  R30,LOW(11)
0000de 93e0 0081 	STS  129,R30
0000e0 e3e0      	LDI  R30,LOW(48)
0000e1 93e0 0089 	STS  137,R30
0000e3 eae1      	LDI  R30,LOW(161)
0000e4 93e0 0088 	STS  136,R30
0000e6 e0e2      	LDI  R30,LOW(2)
0000e7 93e0 006f 	STS  111,R30
0000e9 9478      	SEI
0000ea 9a3d      	SBI  0x7,5
                 ; 0000 005B 
                 ; 0000 005C while (1)
                 _0x11:
                 ; 0000 005D {
                 ; 0000 005E     dataso = read_adc(1);
0000eb e0a1      	LDI  R26,LOW(1)
0000ec df9a      	RCALL _read_adc
0000ed e0a1      	LDI  R26,LOW(_dataso)
0000ee e0b3      	LDI  R27,HIGH(_dataso)
0000ef 27ff      	CLR  R31
0000f0 2766      	CLR  R22
0000f1 2777      	CLR  R23
0000f2 940e 037c 	CALL __CDF1
0000f4 940e 0429 	CALL __PUTDP1
                 ; 0000 005F     dataso = dataso/51.0;
0000f6 940e 02f7 	CALL SUBOPT_0x0
                +
0000f8 e0e0     +LDI R30 , LOW ( 0x424C0000 )
0000f9 e0f0     +LDI R31 , HIGH ( 0x424C0000 )
0000fa e46c     +LDI R22 , BYTE3 ( 0x424C0000 )
0000fb e472     +LDI R23 , BYTE4 ( 0x424C0000 )
                 	__GETD1N 0x424C0000
0000fc 940e 03aa 	CALL __DIVF21
0000fe 93e0 0301 	STS  _dataso,R30
000100 93f0 0302 	STS  _dataso+1,R31
000102 9360 0303 	STS  _dataso+2,R22
000104 9370 0304 	STS  _dataso+3,R23
                 ; 0000 0060 
                 ; 0000 0061     if(dataso<0.5)
000106 940e 0300 	CALL SUBOPT_0x1
000108 f418      	BRSH _0x14
                 ; 0000 0062         PORTB = SieteSeg[0];
000109 91e0 0305 	LDS  R30,_SieteSeg
00010b b9e5      	OUT  0x5,R30
                 ; 0000 0063     if((dataso>=0.5)&&(dataso<1.5))
                 _0x14:
00010c 940e 0300 	CALL SUBOPT_0x1
00010e f018      	BRLO _0x16
00010f 940e 0308 	CALL SUBOPT_0x2
000111 f008      	BRLO _0x17
                 _0x16:
000112 c003      	RJMP _0x15
                 _0x17:
                 ; 0000 0064         PORTB = SieteSeg[1];
                +
000113 91e0 0306+LDS R30 , _SieteSeg + ( 1 )
                 	__GETB1MN _SieteSeg,1
000115 b9e5      	OUT  0x5,R30
                 ; 0000 0065     if((dataso>=1.5)&&(dataso<2.5))
                 _0x15:
000116 940e 0308 	CALL SUBOPT_0x2
000118 f018      	BRLO _0x19
000119 940e 0310 	CALL SUBOPT_0x3
00011b f008      	BRLO _0x1A
                 _0x19:
00011c c003      	RJMP _0x18
                 _0x1A:
                 ; 0000 0066         PORTB = SieteSeg[2];
                +
00011d 91e0 0307+LDS R30 , _SieteSeg + ( 2 )
                 	__GETB1MN _SieteSeg,2
00011f b9e5      	OUT  0x5,R30
                 ; 0000 0067     if((dataso>=2.5)&&(dataso<3.5))
                 _0x18:
000120 940e 0310 	CALL SUBOPT_0x3
000122 f018      	BRLO _0x1C
000123 940e 0318 	CALL SUBOPT_0x4
000125 f008      	BRLO _0x1D
                 _0x1C:
000126 c003      	RJMP _0x1B
                 _0x1D:
                 ; 0000 0068         PORTB = SieteSeg[3];
                +
000127 91e0 0308+LDS R30 , _SieteSeg + ( 3 )
                 	__GETB1MN _SieteSeg,3
000129 b9e5      	OUT  0x5,R30
                 ; 0000 0069     if((dataso>=3.5)&&(dataso<4.5))
                 _0x1B:
00012a 940e 0318 	CALL SUBOPT_0x4
00012c f018      	BRLO _0x1F
00012d 940e 0320 	CALL SUBOPT_0x5
00012f f008      	BRLO _0x20
                 _0x1F:
000130 c003      	RJMP _0x1E
                 _0x20:
                 ; 0000 006A         PORTB = SieteSeg[4];
                +
000131 91e0 0309+LDS R30 , _SieteSeg + ( 4 )
                 	__GETB1MN _SieteSeg,4
000133 b9e5      	OUT  0x5,R30
                 ; 0000 006B     if(dataso>=4.5)
                 _0x1E:
000134 940e 0320 	CALL SUBOPT_0x5
000136 f018      	BRLO _0x21
                 ; 0000 006C         PORTB = SieteSeg[5];
                +
000137 91e0 030a+LDS R30 , _SieteSeg + ( 5 )
                 	__GETB1MN _SieteSeg,5
000139 b9e5      	OUT  0x5,R30
                 ; 0000 006D 
                 ; 0000 006E 
                 ; 0000 006F //----------------------Parte 4-----------------------------------------------------------------------------------
                 ; 0000 0070     if ((UCSR0A&0x80)!=0) //Instruccin que nos dice si hay un caracter listo
                 _0x21:
00013a 91e0 00c0 	LDS  R30,192
00013c 78e0      	ANDI R30,LOW(0x80)
00013d f139      	BREQ _0x22
                 ; 0000 0071     // para leerse (bandera receive complete)
                 ; 0000 0072     {
                 ; 0000 0073         dato=getchar(); //Lee caracter del Puerto serie
00013e d028      	RCALL _getchar
00013f 93e0 0300 	STS  _dato,R30
                 ; 0000 0074         // Cdigo para procesar el caracter recibido
                 ; 0000 0075         if(dato=='1'){            PORTD.5 = ~PORTD.5;}
000141 91a0 0300 	LDS  R26,_dato
000143 33a1      	CPI  R26,LOW(0x31)
000144 f429      	BRNE _0x23
000145 9b5d      	SBIS 0xB,5
000146 c002      	RJMP _0x24
000147 985d      	CBI  0xB,5
000148 c001      	RJMP _0x25
                 _0x24:
000149 9a5d      	SBI  0xB,5
                 _0x25:
                 ; 0000 0076         if(dato=='2'){
                 _0x23:
00014a 91a0 0300 	LDS  R26,_dato
00014c 33a2      	CPI  R26,LOW(0x32)
00014d f429      	BRNE _0x26
                 ; 0000 0077             PORTD.4 = ~PORTD.4;}
00014e 9b5c      	SBIS 0xB,4
00014f c002      	RJMP _0x27
000150 985c      	CBI  0xB,4
000151 c001      	RJMP _0x28
                 _0x27:
000152 9a5c      	SBI  0xB,4
                 _0x28:
                 ; 0000 0078         if(dato=='3'){
                 _0x26:
000153 91a0 0300 	LDS  R26,_dato
000155 33a3      	CPI  R26,LOW(0x33)
000156 f429      	BRNE _0x29
                 ; 0000 0079             PORTD.3 = ~PORTD.3;}
000157 9b5b      	SBIS 0xB,3
000158 c002      	RJMP _0x2A
000159 985b      	CBI  0xB,3
00015a c001      	RJMP _0x2B
                 _0x2A:
00015b 9a5b      	SBI  0xB,3
                 _0x2B:
                 ; 0000 007A         if(dato=='4'){
                 _0x29:
00015c 91a0 0300 	LDS  R26,_dato
00015e 33a4      	CPI  R26,LOW(0x34)
00015f f429      	BRNE _0x2C
                 ; 0000 007B             PORTD.2 = ~PORTD.2;}
000160 9b5a      	SBIS 0xB,2
000161 c002      	RJMP _0x2D
000162 985a      	CBI  0xB,2
000163 c001      	RJMP _0x2E
                 _0x2D:
000164 9a5a      	SBI  0xB,2
                 _0x2E:
                 ; 0000 007C       }
                 _0x2C:
                 ; 0000 007D     }
                 _0x22:
000165 cf85      	RJMP _0x11
                 ; 0000 007E }
                 _0x2F:
000166 cfff      	RJMP _0x2F
                 ; .FEND
                 	#ifndef __SLEEP_DEFINED__
                 	#endif
                 
                 	.CSEG
                 _getchar:
                 ; .FSTART _getchar
                 _0x2000003:
000167 91e0 00c0 	LDS  R30,192
000169 78e0      	ANDI R30,LOW(0x80)
00016a f3e1      	BREQ _0x2000003
00016b 91e0 00c6 	LDS  R30,198
00016d 9508      	RET
                 ; .FEND
                 _putchar:
                 ; .FSTART _putchar
00016e 93aa      	ST   -Y,R26
                 _0x2000006:
00016f 91e0 00c0 	LDS  R30,192
000171 72e0      	ANDI R30,LOW(0x20)
000172 f3e1      	BREQ _0x2000006
000173 81e8      	LD   R30,Y
000174 93e0 00c6 	STS  198,R30
                 _0x2060001:
000176 9621      	ADIW R28,1
000177 9508      	RET
                 ; .FEND
                 _put_usart_G100:
                 ; .FSTART _put_usart_G100
000178 93ba      	ST   -Y,R27
000179 93aa      	ST   -Y,R26
00017a 81aa      	LDD  R26,Y+2
00017b dff2      	RCALL _putchar
00017c 81a8      	LD   R26,Y
00017d 81b9      	LDD  R27,Y+1
00017e 91ed      	LD   R30,X+
00017f 91fd      	LD   R31,X+
000180 9631      	ADIW R30,1
000181 93fe      	ST   -X,R31
000182 93ee      	ST   -X,R30
000183 9623      	ADIW R28,3
000184 9508      	RET
                 ; .FEND
                 __print_G100:
                 ; .FSTART __print_G100
000185 93ba      	ST   -Y,R27
000186 93aa      	ST   -Y,R26
000187 9726      	SBIW R28,6
000188 940e 0432 	CALL __SAVELOCR6
00018a e000      	LDI  R16,0
00018b 85ac      	LDD  R26,Y+12
00018c 85bd      	LDD  R27,Y+12+1
00018d e0e0      	LDI  R30,LOW(0)
00018e e0f0      	LDI  R31,HIGH(0)
00018f 93ed      	ST   X+,R30
000190 93fc      	ST   X,R31
                 _0x200001C:
000191 89ea      	LDD  R30,Y+18
000192 89fb      	LDD  R31,Y+18+1
000193 9631      	ADIW R30,1
000194 8bea      	STD  Y+18,R30
000195 8bfb      	STD  Y+18+1,R31
000196 9731      	SBIW R30,1
000197 91e4      	LPM  R30,Z
000198 2f3e      	MOV  R19,R30
000199 30e0      	CPI  R30,0
00019a f409      	BRNE PC+2
00019b c115      	RJMP _0x200001E
00019c 2fe0      	MOV  R30,R16
00019d 30e0      	CPI  R30,0
00019e f439      	BRNE _0x2000022
00019f 3235      	CPI  R19,37
0001a0 f411      	BRNE _0x2000023
0001a1 e001      	LDI  R16,LOW(1)
0001a2 c002      	RJMP _0x2000024
                 _0x2000023:
0001a3 940e 0328 	CALL SUBOPT_0x6
                 _0x2000024:
0001a5 c10a      	RJMP _0x2000021
                 _0x2000022:
0001a6 30e1      	CPI  R30,LOW(0x1)
0001a7 f4a9      	BRNE _0x2000025
0001a8 3235      	CPI  R19,37
0001a9 f419      	BRNE _0x2000026
0001aa 940e 0328 	CALL SUBOPT_0x6
0001ac c102      	RJMP _0x20000D2
                 _0x2000026:
0001ad e002      	LDI  R16,LOW(2)
0001ae e050      	LDI  R21,LOW(0)
0001af e010      	LDI  R17,LOW(0)
0001b0 323d      	CPI  R19,45
0001b1 f411      	BRNE _0x2000027
0001b2 e011      	LDI  R17,LOW(1)
0001b3 c0fc      	RJMP _0x2000021
                 _0x2000027:
0001b4 323b      	CPI  R19,43
0001b5 f411      	BRNE _0x2000028
0001b6 e25b      	LDI  R21,LOW(43)
0001b7 c0f8      	RJMP _0x2000021
                 _0x2000028:
0001b8 3230      	CPI  R19,32
0001b9 f411      	BRNE _0x2000029
0001ba e250      	LDI  R21,LOW(32)
0001bb c0f4      	RJMP _0x2000021
                 _0x2000029:
0001bc c002      	RJMP _0x200002A
                 _0x2000025:
0001bd 30e2      	CPI  R30,LOW(0x2)
0001be f439      	BRNE _0x200002B
                 _0x200002A:
0001bf e040      	LDI  R20,LOW(0)
0001c0 e003      	LDI  R16,LOW(3)
0001c1 3330      	CPI  R19,48
0001c2 f411      	BRNE _0x200002C
0001c3 6810      	ORI  R17,LOW(128)
0001c4 c0eb      	RJMP _0x2000021
                 _0x200002C:
0001c5 c003      	RJMP _0x200002D
                 _0x200002B:
0001c6 30e3      	CPI  R30,LOW(0x3)
0001c7 f009      	BREQ PC+2
0001c8 c0e7      	RJMP _0x2000021
                 _0x200002D:
0001c9 3330      	CPI  R19,48
0001ca f010      	BRLO _0x2000030
0001cb 333a      	CPI  R19,58
0001cc f008      	BRLO _0x2000031
                 _0x2000030:
0001cd c007      	RJMP _0x200002F
                 _0x2000031:
0001ce e0aa      	LDI  R26,LOW(10)
0001cf 9f4a      	MUL  R20,R26
0001d0 2d40      	MOV  R20,R0
0001d1 2fe3      	MOV  R30,R19
0001d2 53e0      	SUBI R30,LOW(48)
0001d3 0f4e      	ADD  R20,R30
0001d4 c0db      	RJMP _0x2000021
                 _0x200002F:
0001d5 2fe3      	MOV  R30,R19
0001d6 36e3      	CPI  R30,LOW(0x63)
0001d7 f449      	BRNE _0x2000035
0001d8 940e 032f 	CALL SUBOPT_0x7
0001da 89e8      	LDD  R30,Y+16
0001db 89f9      	LDD  R31,Y+16+1
0001dc 81a4      	LDD  R26,Z+4
0001dd 93aa      	ST   -Y,R26
0001de 940e 0335 	CALL SUBOPT_0x8
0001e0 c0ce      	RJMP _0x2000036
                 _0x2000035:
0001e1 37e3      	CPI  R30,LOW(0x73)
0001e2 f441      	BRNE _0x2000038
0001e3 940e 032f 	CALL SUBOPT_0x7
0001e5 940e 033b 	CALL SUBOPT_0x9
0001e7 940e 02de 	CALL _strlen
0001e9 2f0e      	MOV  R16,R30
0001ea c00a      	RJMP _0x2000039
                 _0x2000038:
0001eb 37e0      	CPI  R30,LOW(0x70)
0001ec f461      	BRNE _0x200003B
0001ed 940e 032f 	CALL SUBOPT_0x7
0001ef 940e 033b 	CALL SUBOPT_0x9
0001f1 940e 02ea 	CALL _strlenf
0001f3 2f0e      	MOV  R16,R30
0001f4 6018      	ORI  R17,LOW(8)
                 _0x2000039:
0001f5 6012      	ORI  R17,LOW(2)
0001f6 771f      	ANDI R17,LOW(127)
0001f7 e020      	LDI  R18,LOW(0)
0001f8 c034      	RJMP _0x200003C
                 _0x200003B:
0001f9 36e4      	CPI  R30,LOW(0x64)
0001fa f011      	BREQ _0x200003F
0001fb 36e9      	CPI  R30,LOW(0x69)
0001fc f411      	BRNE _0x2000040
                 _0x200003F:
0001fd 6014      	ORI  R17,LOW(4)
0001fe c002      	RJMP _0x2000041
                 _0x2000040:
0001ff 37e5      	CPI  R30,LOW(0x75)
000200 f431      	BRNE _0x2000042
                 _0x2000041:
000201 e6e8      	LDI  R30,LOW(_tbl10_G100*2)
000202 e0f0      	LDI  R31,HIGH(_tbl10_G100*2)
000203 83ee      	STD  Y+6,R30
000204 83ff      	STD  Y+6+1,R31
000205 e005      	LDI  R16,LOW(5)
000206 c00c      	RJMP _0x2000043
                 _0x2000042:
000207 35e8      	CPI  R30,LOW(0x58)
000208 f411      	BRNE _0x2000045
000209 6018      	ORI  R17,LOW(8)
00020a c003      	RJMP _0x2000046
                 _0x2000045:
00020b 37e8      	CPI  R30,LOW(0x78)
00020c f009      	BREQ PC+2
00020d c0a1      	RJMP _0x2000077
                 _0x2000046:
00020e e7e2      	LDI  R30,LOW(_tbl16_G100*2)
00020f e0f0      	LDI  R31,HIGH(_tbl16_G100*2)
000210 83ee      	STD  Y+6,R30
000211 83ff      	STD  Y+6+1,R31
000212 e004      	LDI  R16,LOW(4)
                 _0x2000043:
000213 ff12      	SBRS R17,2
000214 c014      	RJMP _0x2000048
000215 940e 032f 	CALL SUBOPT_0x7
000217 940e 0345 	CALL SUBOPT_0xA
000219 85ab      	LDD  R26,Y+11
00021a 23aa      	TST  R26
00021b f43a      	BRPL _0x2000049
00021c 85ea      	LDD  R30,Y+10
00021d 85fb      	LDD  R31,Y+10+1
00021e 940e 0413 	CALL __ANEGW1
000220 87ea      	STD  Y+10,R30
000221 87fb      	STD  Y+10+1,R31
000222 e25d      	LDI  R21,LOW(45)
                 _0x2000049:
000223 3050      	CPI  R21,0
000224 f011      	BREQ _0x200004A
000225 5f0f      	SUBI R16,-LOW(1)
000226 c001      	RJMP _0x200004B
                 _0x200004A:
000227 7f1b      	ANDI R17,LOW(251)
                 _0x200004B:
000228 c004      	RJMP _0x200004C
                 _0x2000048:
000229 940e 032f 	CALL SUBOPT_0x7
00022b 940e 0345 	CALL SUBOPT_0xA
                 _0x200004C:
                 _0x200003C:
00022d fd10      	SBRC R17,0
00022e c011      	RJMP _0x200004D
                 _0x200004E:
00022f 1704      	CP   R16,R20
000230 f478      	BRSH _0x2000050
000231 ff17      	SBRS R17,7
000232 c008      	RJMP _0x2000051
000233 ff12      	SBRS R17,2
000234 c004      	RJMP _0x2000052
000235 7f1b      	ANDI R17,LOW(251)
000236 2f35      	MOV  R19,R21
000237 5001      	SUBI R16,LOW(1)
000238 c001      	RJMP _0x2000053
                 _0x2000052:
000239 e330      	LDI  R19,LOW(48)
                 _0x2000053:
00023a c001      	RJMP _0x2000054
                 _0x2000051:
00023b e230      	LDI  R19,LOW(32)
                 _0x2000054:
00023c 940e 0328 	CALL SUBOPT_0x6
00023e 5041      	SUBI R20,LOW(1)
00023f cfef      	RJMP _0x200004E
                 _0x2000050:
                 _0x200004D:
000240 2f20      	MOV  R18,R16
000241 ff11      	SBRS R17,1
000242 c017      	RJMP _0x2000055
                 _0x2000056:
000243 3020      	CPI  R18,0
000244 f0a1      	BREQ _0x2000058
000245 ff13      	SBRS R17,3
000246 c006      	RJMP _0x2000059
000247 81ee      	LDD  R30,Y+6
000248 81ff      	LDD  R31,Y+6+1
000249 9135      	LPM  R19,Z+
00024a 83ee      	STD  Y+6,R30
00024b 83ff      	STD  Y+6+1,R31
00024c c005      	RJMP _0x200005A
                 _0x2000059:
00024d 81ae      	LDD  R26,Y+6
00024e 81bf      	LDD  R27,Y+6+1
00024f 913d      	LD   R19,X+
000250 83ae      	STD  Y+6,R26
000251 83bf      	STD  Y+6+1,R27
                 _0x200005A:
000252 940e 0328 	CALL SUBOPT_0x6
000254 3040      	CPI  R20,0
000255 f009      	BREQ _0x200005B
000256 5041      	SUBI R20,LOW(1)
                 _0x200005B:
000257 5021      	SUBI R18,LOW(1)
000258 cfea      	RJMP _0x2000056
                 _0x2000058:
000259 c04b      	RJMP _0x200005C
                 _0x2000055:
                 _0x200005E:
00025a e330      	LDI  R19,LOW(48)
00025b 81ee      	LDD  R30,Y+6
00025c 81ff      	LDD  R31,Y+6+1
00025d 940e 042e 	CALL __GETW1PF
00025f 87e8      	STD  Y+8,R30
000260 87f9      	STD  Y+8+1,R31
000261 81ee      	LDD  R30,Y+6
000262 81ff      	LDD  R31,Y+6+1
000263 9632      	ADIW R30,2
000264 83ee      	STD  Y+6,R30
000265 83ff      	STD  Y+6+1,R31
                 _0x2000060:
000266 85e8      	LDD  R30,Y+8
000267 85f9      	LDD  R31,Y+8+1
000268 85aa      	LDD  R26,Y+10
000269 85bb      	LDD  R27,Y+10+1
00026a 17ae      	CP   R26,R30
00026b 07bf      	CPC  R27,R31
00026c f050      	BRLO _0x2000062
00026d 5f3f      	SUBI R19,-LOW(1)
00026e 85a8      	LDD  R26,Y+8
00026f 85b9      	LDD  R27,Y+8+1
000270 85ea      	LDD  R30,Y+10
000271 85fb      	LDD  R31,Y+10+1
000272 1bea      	SUB  R30,R26
000273 0bfb      	SBC  R31,R27
000274 87ea      	STD  Y+10,R30
000275 87fb      	STD  Y+10+1,R31
000276 cfef      	RJMP _0x2000060
                 _0x2000062:
000277 333a      	CPI  R19,58
000278 f028      	BRLO _0x2000063
000279 ff13      	SBRS R17,3
00027a c002      	RJMP _0x2000064
00027b 5f39      	SUBI R19,-LOW(7)
00027c c001      	RJMP _0x2000065
                 _0x2000064:
00027d 5d39      	SUBI R19,-LOW(39)
                 _0x2000065:
                 _0x2000063:
00027e fd14      	SBRC R17,4
00027f c01a      	RJMP _0x2000067
000280 3331      	CPI  R19,49
000281 f420      	BRSH _0x2000069
000282 85a8      	LDD  R26,Y+8
000283 85b9      	LDD  R27,Y+8+1
000284 9711      	SBIW R26,1
000285 f409      	BRNE _0x2000068
                 _0x2000069:
000286 c009      	RJMP _0x20000D3
                 _0x2000068:
000287 1742      	CP   R20,R18
000288 f010      	BRLO _0x200006D
000289 ff10      	SBRS R17,0
00028a c001      	RJMP _0x200006E
                 _0x200006D:
00028b c013      	RJMP _0x200006C
                 _0x200006E:
00028c e230      	LDI  R19,LOW(32)
00028d ff17      	SBRS R17,7
00028e c00b      	RJMP _0x200006F
00028f e330      	LDI  R19,LOW(48)
                 _0x20000D3:
000290 6110      	ORI  R17,LOW(16)
000291 ff12      	SBRS R17,2
000292 c007      	RJMP _0x2000070
000293 7f1b      	ANDI R17,LOW(251)
000294 935a      	ST   -Y,R21
000295 940e 0335 	CALL SUBOPT_0x8
000297 3040      	CPI  R20,0
000298 f009      	BREQ _0x2000071
000299 5041      	SUBI R20,LOW(1)
                 _0x2000071:
                 _0x2000070:
                 _0x200006F:
                 _0x2000067:
00029a 940e 0328 	CALL SUBOPT_0x6
00029c 3040      	CPI  R20,0
00029d f009      	BREQ _0x2000072
00029e 5041      	SUBI R20,LOW(1)
                 _0x2000072:
                 _0x200006C:
00029f 5021      	SUBI R18,LOW(1)
0002a0 85a8      	LDD  R26,Y+8
0002a1 85b9      	LDD  R27,Y+8+1
0002a2 9712      	SBIW R26,2
0002a3 f008      	BRLO _0x200005F
0002a4 cfb5      	RJMP _0x200005E
                 _0x200005F:
                 _0x200005C:
0002a5 ff10      	SBRS R17,0
0002a6 c008      	RJMP _0x2000073
                 _0x2000074:
0002a7 3040      	CPI  R20,0
0002a8 f031      	BREQ _0x2000076
0002a9 5041      	SUBI R20,LOW(1)
0002aa e2e0      	LDI  R30,LOW(32)
0002ab 93ea      	ST   -Y,R30
0002ac 940e 0335 	CALL SUBOPT_0x8
0002ae cff8      	RJMP _0x2000074
                 _0x2000076:
                 _0x2000073:
                 _0x2000077:
                 _0x2000036:
                 _0x20000D2:
0002af e000      	LDI  R16,LOW(0)
                 _0x2000021:
0002b0 cee0      	RJMP _0x200001C
                 _0x200001E:
0002b1 85ac      	LDD  R26,Y+12
0002b2 85bd      	LDD  R27,Y+12+1
0002b3 940e 0425 	CALL __GETW1P
0002b5 940e 0439 	CALL __LOADLOCR6
0002b7 9664      	ADIW R28,20
0002b8 9508      	RET
                 ; .FEND
                 _printf:
                 ; .FSTART _printf
0002b9 92ff      	PUSH R15
0002ba 2ef8      	MOV  R15,R24
0002bb 9726      	SBIW R28,6
0002bc 931a      	ST   -Y,R17
0002bd 930a      	ST   -Y,R16
0002be 01de      	MOVW R26,R28
0002bf 9614      	ADIW R26,4
0002c0 940e 040f 	CALL __ADDW2R15
0002c2 018d      	MOVW R16,R26
0002c3 e0e0      	LDI  R30,LOW(0)
0002c4 83ec      	STD  Y+4,R30
0002c5 83ed      	STD  Y+4+1,R30
0002c6 83ee      	STD  Y+6,R30
0002c7 83ef      	STD  Y+6+1,R30
0002c8 01de      	MOVW R26,R28
0002c9 9618      	ADIW R26,8
0002ca 940e 040f 	CALL __ADDW2R15
0002cc 940e 0425 	CALL __GETW1P
0002ce 93fa      	ST   -Y,R31
0002cf 93ea      	ST   -Y,R30
0002d0 931a      	ST   -Y,R17
0002d1 930a      	ST   -Y,R16
0002d2 e7e8      	LDI  R30,LOW(_put_usart_G100)
0002d3 e0f1      	LDI  R31,HIGH(_put_usart_G100)
0002d4 93fa      	ST   -Y,R31
0002d5 93ea      	ST   -Y,R30
0002d6 01de      	MOVW R26,R28
0002d7 9618      	ADIW R26,8
0002d8 deac      	RCALL __print_G100
0002d9 8119      	LDD  R17,Y+1
0002da 8108      	LDD  R16,Y+0
0002db 9628      	ADIW R28,8
0002dc 90ff      	POP  R15
0002dd 9508      	RET
                 ; .FEND
                 
                 	.CSEG
                 
                 	.CSEG
                 _strlen:
                 ; .FSTART _strlen
0002de 93ba      	ST   -Y,R27
0002df 93aa      	ST   -Y,R26
0002e0 91a9          ld   r26,y+
0002e1 91b9          ld   r27,y+
0002e2 27ee          clr  r30
0002e3 27ff          clr  r31
                 strlen0:
0002e4 916d          ld   r22,x+
0002e5 2366          tst  r22
0002e6 f011          breq strlen1
0002e7 9631          adiw r30,1
0002e8 cffb          rjmp strlen0
                 strlen1:
0002e9 9508          ret
                 ; .FEND
                 _strlenf:
                 ; .FSTART _strlenf
0002ea 93ba      	ST   -Y,R27
0002eb 93aa      	ST   -Y,R26
0002ec 27aa          clr  r26
0002ed 27bb          clr  r27
0002ee 91e9          ld   r30,y+
0002ef 91f9          ld   r31,y+
                 strlenf0:
0002f0 9005      	lpm  r0,z+
0002f1 2000          tst  r0
0002f2 f011          breq strlenf1
0002f3 9611          adiw r26,1
0002f4 cffb          rjmp strlenf0
                 strlenf1:
0002f5 01fd          movw r30,r26
0002f6 9508          ret
                 ; .FEND
                 
                 	.DSEG
                 _dato:
000300           	.BYTE 0x1
                 _dataso:
000301           	.BYTE 0x4
                 _SieteSeg:
000305           	.BYTE 0x10
                 
                 	.CSEG
                 ;OPTIMIZER ADDED SUBROUTINE, CALLED 11 TIMES, CODE SIZE REDUCTION:57 WORDS
                 SUBOPT_0x0:
0002f7 91a0 0301 	LDS  R26,_dataso
0002f9 91b0 0302 	LDS  R27,_dataso+1
0002fb 9180 0303 	LDS  R24,_dataso+2
0002fd 9190 0304 	LDS  R25,_dataso+3
0002ff 9508      	RET
                 
                 ;OPTIMIZER ADDED SUBROUTINE, CALLED 2 TIMES, CODE SIZE REDUCTION:3 WORDS
                 SUBOPT_0x1:
000300 dff6      	RCALL SUBOPT_0x0
                +
000301 e0e0     +LDI R30 , LOW ( 0x3F000000 )
000302 e0f0     +LDI R31 , HIGH ( 0x3F000000 )
000303 e060     +LDI R22 , BYTE3 ( 0x3F000000 )
000304 e37f     +LDI R23 , BYTE4 ( 0x3F000000 )
                 	__GETD1N 0x3F000000
000305 940e 03ef 	CALL __CMPF12
000307 9508      	RET
                 
                 ;OPTIMIZER ADDED SUBROUTINE, CALLED 2 TIMES, CODE SIZE REDUCTION:3 WORDS
                 SUBOPT_0x2:
000308 dfee      	RCALL SUBOPT_0x0
                +
000309 e0e0     +LDI R30 , LOW ( 0x3FC00000 )
00030a e0f0     +LDI R31 , HIGH ( 0x3FC00000 )
00030b ec60     +LDI R22 , BYTE3 ( 0x3FC00000 )
00030c e37f     +LDI R23 , BYTE4 ( 0x3FC00000 )
                 	__GETD1N 0x3FC00000
00030d 940e 03ef 	CALL __CMPF12
00030f 9508      	RET
                 
                 ;OPTIMIZER ADDED SUBROUTINE, CALLED 2 TIMES, CODE SIZE REDUCTION:3 WORDS
                 SUBOPT_0x3:
000310 dfe6      	RCALL SUBOPT_0x0
                +
000311 e0e0     +LDI R30 , LOW ( 0x40200000 )
000312 e0f0     +LDI R31 , HIGH ( 0x40200000 )
000313 e260     +LDI R22 , BYTE3 ( 0x40200000 )
000314 e470     +LDI R23 , BYTE4 ( 0x40200000 )
                 	__GETD1N 0x40200000
000315 940e 03ef 	CALL __CMPF12
000317 9508      	RET
                 
                 ;OPTIMIZER ADDED SUBROUTINE, CALLED 2 TIMES, CODE SIZE REDUCTION:3 WORDS
                 SUBOPT_0x4:
000318 dfde      	RCALL SUBOPT_0x0
                +
000319 e0e0     +LDI R30 , LOW ( 0x40600000 )
00031a e0f0     +LDI R31 , HIGH ( 0x40600000 )
00031b e660     +LDI R22 , BYTE3 ( 0x40600000 )
00031c e470     +LDI R23 , BYTE4 ( 0x40600000 )
                 	__GETD1N 0x40600000
00031d 940e 03ef 	CALL __CMPF12
00031f 9508      	RET
                 
                 ;OPTIMIZER ADDED SUBROUTINE, CALLED 2 TIMES, CODE SIZE REDUCTION:3 WORDS
                 SUBOPT_0x5:
000320 dfd6      	RCALL SUBOPT_0x0
                +
000321 e0e0     +LDI R30 , LOW ( 0x40900000 )
000322 e0f0     +LDI R31 , HIGH ( 0x40900000 )
000323 e960     +LDI R22 , BYTE3 ( 0x40900000 )
000324 e470     +LDI R23 , BYTE4 ( 0x40900000 )
                 	__GETD1N 0x40900000
000325 940e 03ef 	CALL __CMPF12
000327 9508      	RET
                 
                 ;OPTIMIZER ADDED SUBROUTINE, CALLED 5 TIMES, CODE SIZE REDUCTION:13 WORDS
                 SUBOPT_0x6:
000328 933a      	ST   -Y,R19
000329 85ad      	LDD  R26,Y+13
00032a 85be      	LDD  R27,Y+13+1
00032b 85ef      	LDD  R30,Y+15
00032c 89f8      	LDD  R31,Y+15+1
00032d 9509      	ICALL
00032e 9508      	RET
                 
                 ;OPTIMIZER ADDED SUBROUTINE, CALLED 5 TIMES, CODE SIZE REDUCTION:9 WORDS
                 SUBOPT_0x7:
00032f 89e8      	LDD  R30,Y+16
000330 89f9      	LDD  R31,Y+16+1
000331 9734      	SBIW R30,4
000332 8be8      	STD  Y+16,R30
000333 8bf9      	STD  Y+16+1,R31
000334 9508      	RET
                 
                 ;OPTIMIZER ADDED SUBROUTINE, CALLED 3 TIMES, CODE SIZE REDUCTION:3 WORDS
                 SUBOPT_0x8:
000335 85ad      	LDD  R26,Y+13
000336 85be      	LDD  R27,Y+13+1
000337 85ef      	LDD  R30,Y+15
000338 89f8      	LDD  R31,Y+15+1
000339 9509      	ICALL
00033a 9508      	RET
                 
                 ;OPTIMIZER ADDED SUBROUTINE, CALLED 2 TIMES, CODE SIZE REDUCTION:4 WORDS
                 SUBOPT_0x9:
00033b 89a8      	LDD  R26,Y+16
00033c 89b9      	LDD  R27,Y+16+1
00033d 9614      	ADIW R26,4
00033e 940e 0425 	CALL __GETW1P
000340 83ee      	STD  Y+6,R30
000341 83ff      	STD  Y+6+1,R31
000342 81ae      	LDD  R26,Y+6
000343 81bf      	LDD  R27,Y+6+1
000344 9508      	RET
                 
                 ;OPTIMIZER ADDED SUBROUTINE, CALLED 2 TIMES, CODE SIZE REDUCTION:2 WORDS
                 SUBOPT_0xA:
000345 89a8      	LDD  R26,Y+16
000346 89b9      	LDD  R27,Y+16+1
000347 9614      	ADIW R26,4
000348 940e 0425 	CALL __GETW1P
00034a 87ea      	STD  Y+10,R30
00034b 87fb      	STD  Y+10+1,R31
00034c 9508      	RET
                 
                 
                 	.CSEG
                 __ROUND_REPACK:
00034d 2355      	TST  R21
00034e f442      	BRPL __REPACK
00034f 3850      	CPI  R21,0x80
000350 f411      	BRNE __ROUND_REPACK0
000351 ffe0      	SBRS R30,0
000352 c004      	RJMP __REPACK
                 __ROUND_REPACK0:
000353 9631      	ADIW R30,1
000354 1f69      	ADC  R22,R25
000355 1f79      	ADC  R23,R25
000356 f06b      	BRVS __REPACK1
                 
                 __REPACK:
000357 e850      	LDI  R21,0x80
000358 2757      	EOR  R21,R23
000359 f411      	BRNE __REPACK0
00035a 935f      	PUSH R21
00035b c03c      	RJMP __ZERORES
                 __REPACK0:
00035c 3f5f      	CPI  R21,0xFF
00035d f031      	BREQ __REPACK1
00035e 0f66      	LSL  R22
00035f 0c00      	LSL  R0
000360 9557      	ROR  R21
000361 9567      	ROR  R22
000362 2f75      	MOV  R23,R21
000363 9508      	RET
                 __REPACK1:
000364 935f      	PUSH R21
000365 2000      	TST  R0
000366 f00a      	BRMI __REPACK2
000367 c03c      	RJMP __MAXRES
                 __REPACK2:
000368 c035      	RJMP __MINRES
                 
                 __UNPACK:
000369 e850      	LDI  R21,0x80
00036a 2e19      	MOV  R1,R25
00036b 2215      	AND  R1,R21
00036c 0f88      	LSL  R24
00036d 1f99      	ROL  R25
00036e 2795      	EOR  R25,R21
00036f 0f55      	LSL  R21
000370 9587      	ROR  R24
                 
                 __UNPACK1:
000371 e850      	LDI  R21,0x80
000372 2e07      	MOV  R0,R23
000373 2205      	AND  R0,R21
000374 0f66      	LSL  R22
000375 1f77      	ROL  R23
000376 2775      	EOR  R23,R21
000377 0f55      	LSL  R21
000378 9567      	ROR  R22
000379 9508      	RET
                 
                 __CDF1U:
00037a 9468      	SET
00037b c001      	RJMP __CDF1U0
                 __CDF1:
00037c 94e8      	CLT
                 __CDF1U0:
00037d 9730      	SBIW R30,0
00037e 4060      	SBCI R22,0
00037f 4070      	SBCI R23,0
000380 f0b1      	BREQ __CDF10
000381 2400      	CLR  R0
000382 f026      	BRTS __CDF11
000383 2377      	TST  R23
000384 f412      	BRPL __CDF11
000385 9400      	COM  R0
000386 d090      	RCALL __ANEGD1
                 __CDF11:
000387 2e17      	MOV  R1,R23
000388 e17e      	LDI  R23,30
000389 2011      	TST  R1
                 __CDF12:
00038a f032      	BRMI __CDF13
00038b 957a      	DEC  R23
00038c 0fee      	LSL  R30
00038d 1fff      	ROL  R31
00038e 1f66      	ROL  R22
00038f 1c11      	ROL  R1
000390 cff9      	RJMP __CDF12
                 __CDF13:
000391 2fef      	MOV  R30,R31
000392 2ff6      	MOV  R31,R22
000393 2d61      	MOV  R22,R1
000394 935f      	PUSH R21
000395 dfc1      	RCALL __REPACK
000396 915f      	POP  R21
                 __CDF10:
000397 9508      	RET
                 
                 __ZERORES:
000398 27ee      	CLR  R30
000399 27ff      	CLR  R31
00039a 2766      	CLR  R22
00039b 2777      	CLR  R23
00039c 915f      	POP  R21
00039d 9508      	RET
                 
                 __MINRES:
00039e efef      	SER  R30
00039f efff      	SER  R31
0003a0 e76f      	LDI  R22,0x7F
0003a1 ef7f      	SER  R23
0003a2 915f      	POP  R21
0003a3 9508      	RET
                 
                 __MAXRES:
0003a4 efef      	SER  R30
0003a5 efff      	SER  R31
0003a6 e76f      	LDI  R22,0x7F
0003a7 e77f      	LDI  R23,0x7F
0003a8 915f      	POP  R21
0003a9 9508      	RET
                 
                 __DIVF21:
0003aa 935f      	PUSH R21
0003ab dfbd      	RCALL __UNPACK
0003ac 3870      	CPI  R23,0x80
0003ad f421      	BRNE __DIVF210
0003ae 2011      	TST  R1
                 __DIVF211:
0003af f40a      	BRPL __DIVF219
0003b0 cfed      	RJMP __MINRES
                 __DIVF219:
0003b1 cff2      	RJMP __MAXRES
                 __DIVF210:
0003b2 3890      	CPI  R25,0x80
0003b3 f409      	BRNE __DIVF218
                 __DIVF217:
0003b4 cfe3      	RJMP __ZERORES
                 __DIVF218:
0003b5 2401      	EOR  R0,R1
0003b6 9408      	SEC
0003b7 0b97      	SBC  R25,R23
0003b8 f41b      	BRVC __DIVF216
0003b9 f3d4      	BRLT __DIVF217
0003ba 2000      	TST  R0
0003bb cff3      	RJMP __DIVF211
                 __DIVF216:
0003bc 2f79      	MOV  R23,R25
0003bd 931f      	PUSH R17
0003be 932f      	PUSH R18
0003bf 933f      	PUSH R19
0003c0 934f      	PUSH R20
0003c1 2411      	CLR  R1
0003c2 2711      	CLR  R17
0003c3 2722      	CLR  R18
0003c4 2733      	CLR  R19
0003c5 2744      	CLR  R20
0003c6 2755      	CLR  R21
0003c7 e290      	LDI  R25,32
                 __DIVF212:
0003c8 17ae      	CP   R26,R30
0003c9 07bf      	CPC  R27,R31
0003ca 0786      	CPC  R24,R22
0003cb 0741      	CPC  R20,R17
0003cc f030      	BRLO __DIVF213
0003cd 1bae      	SUB  R26,R30
0003ce 0bbf      	SBC  R27,R31
0003cf 0b86      	SBC  R24,R22
0003d0 0b41      	SBC  R20,R17
0003d1 9408      	SEC
0003d2 c001      	RJMP __DIVF214
                 __DIVF213:
0003d3 9488      	CLC
                 __DIVF214:
0003d4 1f55      	ROL  R21
0003d5 1f22      	ROL  R18
0003d6 1f33      	ROL  R19
0003d7 1c11      	ROL  R1
0003d8 1faa      	ROL  R26
0003d9 1fbb      	ROL  R27
0003da 1f88      	ROL  R24
0003db 1f44      	ROL  R20
0003dc 959a      	DEC  R25
0003dd f751      	BRNE __DIVF212
0003de 01f9      	MOVW R30,R18
0003df 2d61      	MOV  R22,R1
0003e0 914f      	POP  R20
0003e1 913f      	POP  R19
0003e2 912f      	POP  R18
0003e3 911f      	POP  R17
0003e4 2366      	TST  R22
0003e5 f032      	BRMI __DIVF215
0003e6 0f55      	LSL  R21
0003e7 1fee      	ROL  R30
0003e8 1fff      	ROL  R31
0003e9 1f66      	ROL  R22
0003ea 957a      	DEC  R23
0003eb f243      	BRVS __DIVF217
                 __DIVF215:
0003ec df60      	RCALL __ROUND_REPACK
0003ed 915f      	POP  R21
0003ee 9508      	RET
                 
                 __CMPF12:
0003ef 2399      	TST  R25
0003f0 f09a      	BRMI __CMPF120
0003f1 2377      	TST  R23
0003f2 f042      	BRMI __CMPF121
0003f3 1797      	CP   R25,R23
0003f4 f048      	BRLO __CMPF122
0003f5 f429      	BRNE __CMPF121
0003f6 17ae      	CP   R26,R30
0003f7 07bf      	CPC  R27,R31
0003f8 0786      	CPC  R24,R22
0003f9 f020      	BRLO __CMPF122
0003fa f031      	BREQ __CMPF123
                 __CMPF121:
0003fb 9498      	CLZ
0003fc 9488      	CLC
0003fd 9508      	RET
                 __CMPF122:
0003fe 9498      	CLZ
0003ff 9408      	SEC
000400 9508      	RET
                 __CMPF123:
000401 9418      	SEZ
000402 9488      	CLC
000403 9508      	RET
                 __CMPF120:
000404 2377      	TST  R23
000405 f7c2      	BRPL __CMPF122
000406 1797      	CP   R25,R23
000407 f398      	BRLO __CMPF121
000408 f7a9      	BRNE __CMPF122
000409 17ea      	CP   R30,R26
00040a 07fb      	CPC  R31,R27
00040b 0768      	CPC  R22,R24
00040c f388      	BRLO __CMPF122
00040d f399      	BREQ __CMPF123
00040e cfec      	RJMP __CMPF121
                 
                 __ADDW2R15:
00040f 2400      	CLR  R0
000410 0daf      	ADD  R26,R15
000411 1db0      	ADC  R27,R0
000412 9508      	RET
                 
                 __ANEGW1:
000413 95f1      	NEG  R31
000414 95e1      	NEG  R30
000415 40f0      	SBCI R31,0
000416 9508      	RET
                 
                 __ANEGD1:
000417 95f0      	COM  R31
000418 9560      	COM  R22
000419 9570      	COM  R23
00041a 95e1      	NEG  R30
00041b 4fff      	SBCI R31,-1
00041c 4f6f      	SBCI R22,-1
00041d 4f7f      	SBCI R23,-1
00041e 9508      	RET
                 
                 __CBD1:
00041f 2ffe      	MOV  R31,R30
000420 0fff      	ADD  R31,R31
000421 0bff      	SBC  R31,R31
000422 2f6f      	MOV  R22,R31
000423 2f7f      	MOV  R23,R31
000424 9508      	RET
                 
                 __GETW1P:
000425 91ed      	LD   R30,X+
000426 91fc      	LD   R31,X
000427 9711      	SBIW R26,1
000428 9508      	RET
                 
                 __PUTDP1:
000429 93ed      	ST   X+,R30
00042a 93fd      	ST   X+,R31
00042b 936d      	ST   X+,R22
00042c 937c      	ST   X,R23
00042d 9508      	RET
                 
                 __GETW1PF:
00042e 9005      	LPM  R0,Z+
00042f 91f4      	LPM  R31,Z
000430 2de0      	MOV  R30,R0
000431 9508      	RET
                 
                 __SAVELOCR6:
000432 935a      	ST   -Y,R21
                 __SAVELOCR5:
000433 934a      	ST   -Y,R20
                 __SAVELOCR4:
000434 933a      	ST   -Y,R19
                 __SAVELOCR3:
000435 932a      	ST   -Y,R18
                 __SAVELOCR2:
000436 931a      	ST   -Y,R17
000437 930a      	ST   -Y,R16
000438 9508      	RET
                 
                 __LOADLOCR6:
000439 815d      	LDD  R21,Y+5
                 __LOADLOCR5:
00043a 814c      	LDD  R20,Y+4
                 __LOADLOCR4:
00043b 813b      	LDD  R19,Y+3
                 __LOADLOCR3:
00043c 812a      	LDD  R18,Y+2
                 __LOADLOCR2:
00043d 8119      	LDD  R17,Y+1
00043e 8108      	LD   R16,Y
00043f 9508      	RET
                 
                 ;END OF CODE MARKER
                 __END_OF_CODE:


RESOURCE USE INFORMATION
------------------------

Notice:
The register and instruction counts are symbol table hit counts,
and hence implicitly used resources are not counted, eg, the
'lpm' instruction without operands implicitly uses r0 and z,
none of which are counted.

x,y,z are separate entities in the symbol table and are
counted separately from r26..r31 here.

.dseg memory usage only counts static data declared with .byte

ATmega328P register use summary:
r0 :  19 r1 :  12 r2 :   0 r3 :   0 r4 :   0 r5 :   0 r6 :   0 r7 :   0 
r8 :   0 r9 :   0 r10:   0 r11:   0 r12:   0 r13:   0 r14:   0 r15:   4 
r16:  20 r17:  34 r18:  13 r19:  31 r20:  23 r21:  36 r22:  35 r23:  34 
r24:  19 r25:  16 r26:  65 r27:  33 r28:  11 r29:   1 r30: 190 r31:  73 
x  :  17 y  : 122 z  :  13 
Registers used: 22 out of 35 (62.9%)

ATmega328P instruction use summary:
.lds  :   0 .lds.l:   0 .sts  :   0 .sts.l:   0 adc   :   3 add   :   3 
adiw  :  16 and   :   2 andi  :   8 asr   :   0 bclr  :   0 bld   :   0 
brbc  :   0 brbs  :   0 brcc  :   0 brcs  :   0 break :   0 breq  :  20 
brge  :   0 brhc  :   0 brhs  :   0 brid  :   0 brie  :   0 brlo  :  20 
brlt  :   1 brmi  :   5 brne  :  32 brpl  :   5 brsh  :   3 brtc  :   0 
brts  :   1 brvc  :   1 brvs  :   2 bset  :   0 bst   :   0 call  :  48 
cbi   :   6 cbr   :   0 clc   :   3 clh   :   0 cli   :   1 cln   :   0 
clr   :  21 cls   :   0 clt   :   1 clv   :   0 clz   :   2 com   :   4 
cp    :   8 cpc   :   8 cpi   :  37 cpse  :   0 dec   :   5 des   :   0 
eor   :   4 fmul  :   0 fmuls :   0 fmulsu:   0 icall :   2 ijmp  :   0 
in    :   0 inc   :   0 jmp   :  27 ld    :  14 ldd   :  57 ldi   : 104 
lds   :  22 lpm   :  14 lsl   :   8 lsr   :   0 mov   :  23 movw  :   9 
mul   :   1 muls  :   0 mulsu :   0 neg   :   3 nop   :   0 or    :   0 
ori   :   9 out   :  17 pop   :  10 push  :   9 rcall :  14 ret   :  37 
reti  :   1 rjmp  :  79 rol   :  16 ror   :   4 sbc   :   6 sbci  :   6 
sbi   :   8 sbic  :   0 sbis  :   5 sbiw  :  11 sbr   :   0 sbrc  :   2 
sbrs  :  11 sec   :   3 seh   :   0 sei   :   1 sen   :   0 ser   :   5 
ses   :   0 set   :   1 sev   :   0 sez   :   1 sleep :   0 spm   :   0 
st    :  41 std   :  28 sts   :  25 sub   :   2 subi  :  13 swap  :   0 
tst   :  13 wdr   :   0 
Instructions used: 68 out of 116 (58.6%)

ATmega328P memory use summary [bytes]:
Segment   Begin    End      Code   Data   Used    Size   Use%
---------------------------------------------------------------
[.cseg] 0x000000 0x000880   2104     72   2176   32768   6.6%
[.dseg] 0x000100 0x000315      0     21     21    2048   1.0%
[.eseg] 0x000000 0x000000      0      0      0    1024   0.0%

Assembly complete, 0 errors, 0 warnings
