Info: Start Nativelink Simulation process

========= EDA Simulation Settings =====================

Sim Mode              :  Gate
Family                :  max10
Quartus root          :  c:/intelfpga_lite/18.1/quartus/bin64/
Quartus sim root      :  c:/intelfpga_lite/18.1/quartus/eda/sim_lib
Simulation Tool       :  modelsim-altera
Simulation Language   :  vhdl
Version               :  93
Simulation Mode       :  GUI
Sim Output File       :  fullader.vho
Sim SDF file          :  fullader__vhdl.sdo
Sim dir               :  simulation\modelsim

=======================================================

Info: Starting NativeLink simulation with ModelSim-Altera software
Sourced NativeLink script c:/intelfpga_lite/18.1/quartus/common/tcl/internal/nativelink/modelsim.tcl
Warning: File fullader_run_msim_gate_vhdl.do already exists - backing up current file as fullader_run_msim_gate_vhdl.do.bak
Probing transcript
ModelSim-Altera Info: # Reading C:/intelFPGA_lite/18.1/modelsim_ase/tcl/vsim/pref.tcl
ModelSim-Altera Info: # do fullader_run_msim_gate_vhdl.do
ModelSim-Altera Info: # if {[file exists gate_work]} {
ModelSim-Altera Info: # 	vdel -lib gate_work -all
ModelSim-Altera Info: # }
ModelSim-Altera Info: # vlib gate_work
ModelSim-Altera Info: # vmap work gate_work
ModelSim-Altera Info: # Model Technology ModelSim - Intel FPGA Edition vmap 10.5b Lib Mapping Utility 2016.10 Oct  5 2016
ModelSim-Altera Info: # vmap work gate_work 
ModelSim-Altera Info: # Copying C:/intelFPGA_lite/18.1/modelsim_ase/win32aloem/../modelsim.ini to modelsim.ini
ModelSim-Altera Info: # Modifying modelsim.ini
ModelSim-Altera Info: # 
ModelSim-Altera Info: # vcom -93 -work work {fullader.vho}
ModelSim-Altera Info: # Model Technology ModelSim - Intel FPGA Edition vcom 10.5b Compiler 2016.10 Oct  5 2016
ModelSim-Altera Info: # Start time: 07:48:06 on Feb 11,2021
ModelSim-Altera Info: # vcom -reportprogress 300 -93 -work work fullader.vho 
ModelSim-Altera Info: # -- Loading package STANDARD
ModelSim-Altera Info: # -- Loading package TEXTIO
ModelSim-Altera Info: # -- Loading package std_logic_1164
ModelSim-Altera Info: # -- Loading package VITAL_Timing
ModelSim-Altera Info: # -- Loading package VITAL_Primitives
ModelSim-Altera Info: # -- Loading package fiftyfivenm_atom_pack
ModelSim-Altera Info: # -- Loading package fiftyfivenm_components
ModelSim-Altera Info: # -- Compiling entity hard_block
ModelSim-Altera Info: # -- Compiling architecture structure of hard_block
ModelSim-Altera Info: # -- Compiling entity fullader
ModelSim-Altera Info: # -- Compiling architecture structure of fullader
ModelSim-Altera Info: # End time: 07:48:06 on Feb 11,2021, Elapsed time: 0:00:00
ModelSim-Altera Info: # Errors: 0, Warnings: 0
ModelSim-Altera Info: # 
ModelSim-Altera Info: vsim work.fullader
ModelSim-Altera Info: # vsim work.fullader 
ModelSim-Altera Info: # Start time: 07:56:07 on Feb 11,2021
ModelSim-Altera Info: # Loading std.standard
ModelSim-Altera Info: # Loading std.textio(body)
ModelSim-Altera Info: # Loading ieee.std_logic_1164(body)
ModelSim-Altera Info: # Loading ieee.vital_timing(body)
ModelSim-Altera Info: # Loading ieee.vital_primitives(body)
ModelSim-Altera Info: # Loading fiftyfivenm.fiftyfivenm_atom_pack(body)
ModelSim-Altera Info: # Loading fiftyfivenm.fiftyfivenm_components
ModelSim-Altera Info: # Loading work.fullader(structure)
ModelSim-Altera Info: # Loading work.hard_block(structure)
ModelSim-Altera Info: # Loading fiftyfivenm.fiftyfivenm_lcell_comb(vital_lcell_comb)
ModelSim-Altera Info: # Loading fiftyfivenm.fiftyfivenm_io_obuf(behavior)
ModelSim-Altera Info: # Loading fiftyfivenm.fiftyfivenm_io_ibuf(behavior)
ModelSim-Altera Info: # Loading fiftyfivenm.fiftyfivenm_unvm(behavior)
ModelSim-Altera Info: # Loading fiftyfivenm.fiftyfivenm_adcblock(behavior)
ModelSim-Altera Info: vsim work.fullader
ModelSim-Altera Info: # End time: 07:56:19 on Feb 11,2021, Elapsed time: 0:00:12
ModelSim-Altera Info: # Errors: 0, Warnings: 0
ModelSim-Altera Info: # vsim work.fullader 
ModelSim-Altera Info: # Start time: 07:56:19 on Feb 11,2021
ModelSim-Altera Info: # Loading std.standard
ModelSim-Altera Info: # Loading std.textio(body)
ModelSim-Altera Info: # Loading ieee.std_logic_1164(body)
ModelSim-Altera Info: # Loading ieee.vital_timing(body)
ModelSim-Altera Info: # Loading ieee.vital_primitives(body)
ModelSim-Altera Info: # Loading fiftyfivenm.fiftyfivenm_atom_pack(body)
ModelSim-Altera Info: # Loading fiftyfivenm.fiftyfivenm_components
ModelSim-Altera Info: # Loading work.fullader(structure)
ModelSim-Altera Info: # Loading work.hard_block(structure)
ModelSim-Altera Info: # Loading fiftyfivenm.fiftyfivenm_lcell_comb(vital_lcell_comb)
ModelSim-Altera Info: # Loading fiftyfivenm.fiftyfivenm_io_obuf(behavior)
ModelSim-Altera Info: # Loading fiftyfivenm.fiftyfivenm_io_ibuf(behavior)
ModelSim-Altera Info: # Loading fiftyfivenm.fiftyfivenm_unvm(behavior)
ModelSim-Altera Info: # Loading fiftyfivenm.fiftyfivenm_adcblock(behavior)
ModelSim-Altera Info: vsim work.fullader
ModelSim-Altera Info: # End time: 07:56:29 on Feb 11,2021, Elapsed time: 0:00:10
ModelSim-Altera Info: # Errors: 0, Warnings: 0
ModelSim-Altera Info: # vsim work.fullader 
ModelSim-Altera Info: # Start time: 07:56:29 on Feb 11,2021
ModelSim-Altera Info: # Loading std.standard
ModelSim-Altera Info: # Loading std.textio(body)
ModelSim-Altera Info: # Loading ieee.std_logic_1164(body)
ModelSim-Altera Info: # Loading ieee.vital_timing(body)
ModelSim-Altera Info: # Loading ieee.vital_primitives(body)
ModelSim-Altera Info: # Loading fiftyfivenm.fiftyfivenm_atom_pack(body)
ModelSim-Altera Info: # Loading fiftyfivenm.fiftyfivenm_components
ModelSim-Altera Info: # Loading work.fullader(structure)
ModelSim-Altera Info: # Loading work.hard_block(structure)
ModelSim-Altera Info: # Loading fiftyfivenm.fiftyfivenm_lcell_comb(vital_lcell_comb)
ModelSim-Altera Info: # Loading fiftyfivenm.fiftyfivenm_io_obuf(behavior)
ModelSim-Altera Info: # Loading fiftyfivenm.fiftyfivenm_io_ibuf(behavior)
ModelSim-Altera Info: # Loading fiftyfivenm.fiftyfivenm_unvm(behavior)
ModelSim-Altera Info: # Loading fiftyfivenm.fiftyfivenm_adcblock(behavior)
ModelSim-Altera Info: add wave -position end  sim:/fullader/A
ModelSim-Altera Info: add wave -position end  sim:/fullader/B
ModelSim-Altera Info: add wave -position end  sim:/fullader/Cin
ModelSim-Altera Info: add wave -position end  sim:/fullader/suma
ModelSim-Altera Info: add wave -position end  sim:/fullader/Cout
ModelSim-Altera Info: force A 0 0, 1 10, 0 50, 1 70
ModelSim-Altera Info: force B 1 0, 0 30, 1 65, 0 90
ModelSim-Altera Info: force cin 0 0, 1 20, 0 45
ModelSim-Altera Info: run
ModelSim-Altera Info: # End time: 08:05:30 on Feb 11,2021, Elapsed time: 0:09:01
ModelSim-Altera Info: # Errors: 0, Warnings: 0
Info: NativeLink simulation flow was successful
