Info: Start Nativelink Simulation process

========= EDA Simulation Settings =====================

Sim Mode              :  Gate
Family                :  max10
Quartus root          :  c:/intelfpga_lite/18.1/quartus/bin64/
Quartus sim root      :  c:/intelfpga_lite/18.1/quartus/eda/sim_lib
Simulation Tool       :  modelsim-altera
Simulation Language   :  vhdl
Version               :  93
Simulation Mode       :  GUI
Sim Output File       :  Mux8a1.vho
Sim SDF file          :  Mux8a1__vhdl.sdo
Sim dir               :  simulation\modelsim

=======================================================

Info: Starting NativeLink simulation with ModelSim-Altera software
Sourced NativeLink script c:/intelfpga_lite/18.1/quartus/common/tcl/internal/nativelink/modelsim.tcl
Probing transcript
ModelSim-Altera Info: # Reading C:/intelFPGA_lite/18.1/modelsim_ase/tcl/vsim/pref.tcl
ModelSim-Altera Info: # do Mux8a1_run_msim_gate_vhdl.do
ModelSim-Altera Info: # if {[file exists gate_work]} {
ModelSim-Altera Info: # 	vdel -lib gate_work -all
ModelSim-Altera Info: # }
ModelSim-Altera Info: # vlib gate_work
ModelSim-Altera Info: # vmap work gate_work
ModelSim-Altera Info: # Model Technology ModelSim - Intel FPGA Edition vmap 10.5b Lib Mapping Utility 2016.10 Oct  5 2016
ModelSim-Altera Info: # vmap work gate_work 
ModelSim-Altera Info: # Copying C:/intelFPGA_lite/18.1/modelsim_ase/win32aloem/../modelsim.ini to modelsim.ini
ModelSim-Altera Info: # Modifying modelsim.ini
ModelSim-Altera Info: # 
ModelSim-Altera Info: # vcom -93 -work work {Mux8a1.vho}
ModelSim-Altera Info: # Model Technology ModelSim - Intel FPGA Edition vcom 10.5b Compiler 2016.10 Oct  5 2016
ModelSim-Altera Info: # Start time: 17:01:18 on Feb 13,2021
ModelSim-Altera Info: # vcom -reportprogress 300 -93 -work work Mux8a1.vho 
ModelSim-Altera Info: # -- Loading package STANDARD
ModelSim-Altera Info: # -- Loading package TEXTIO
ModelSim-Altera Info: # -- Loading package std_logic_1164
ModelSim-Altera Info: # -- Loading package VITAL_Timing
ModelSim-Altera Info: # -- Loading package VITAL_Primitives
ModelSim-Altera Info: # -- Loading package fiftyfivenm_atom_pack
ModelSim-Altera Info: # -- Loading package fiftyfivenm_components
ModelSim-Altera Info: # -- Compiling entity hard_block
ModelSim-Altera Info: # -- Compiling architecture structure of hard_block
ModelSim-Altera Info: # -- Compiling entity Mux8a1
ModelSim-Altera Info: # -- Compiling architecture structure of Mux8a1
ModelSim-Altera Info: # End time: 17:01:18 on Feb 13,2021, Elapsed time: 0:00:00
ModelSim-Altera Info: # Errors: 0, Warnings: 0
ModelSim-Altera Info: # 
ModelSim-Altera Info: vsim work.mux8a1
ModelSim-Altera Info: # vsim work.mux8a1 
ModelSim-Altera Info: # Start time: 17:02:07 on Feb 13,2021
ModelSim-Altera Info: # Loading std.standard
ModelSim-Altera Info: # Loading std.textio(body)
ModelSim-Altera Info: # Loading ieee.std_logic_1164(body)
ModelSim-Altera Info: # Loading ieee.vital_timing(body)
ModelSim-Altera Info: # Loading ieee.vital_primitives(body)
ModelSim-Altera Info: # Loading fiftyfivenm.fiftyfivenm_atom_pack(body)
ModelSim-Altera Info: # Loading fiftyfivenm.fiftyfivenm_components
ModelSim-Altera Info: # Loading work.mux8a1(structure)
ModelSim-Altera Info: # Loading work.hard_block(structure)
ModelSim-Altera Info: # Loading fiftyfivenm.fiftyfivenm_lcell_comb(vital_lcell_comb)
ModelSim-Altera Info: # Loading fiftyfivenm.fiftyfivenm_io_obuf(behavior)
ModelSim-Altera Info: # Loading fiftyfivenm.fiftyfivenm_io_ibuf(behavior)
ModelSim-Altera Info: # Loading fiftyfivenm.fiftyfivenm_unvm(behavior)
ModelSim-Altera Info: # Loading fiftyfivenm.fiftyfivenm_adcblock(behavior)
ModelSim-Altera Info: add wave -position end  sim:/mux8a1/a
ModelSim-Altera Info: add wave -position end  sim:/mux8a1/b
ModelSim-Altera Info: add wave -position end  sim:/mux8a1/c
ModelSim-Altera Info: add wave -position end  sim:/mux8a1/d
ModelSim-Altera Info: add wave -position end  sim:/mux8a1/e
ModelSim-Altera Info: add wave -position end  sim:/mux8a1/f
ModelSim-Altera Info: add wave -position end  sim:/mux8a1/g
ModelSim-Altera Info: add wave -position end  sim:/mux8a1/h
ModelSim-Altera Info: add wave -position end  sim:/mux8a1/sel
ModelSim-Altera Info: add wave -position end  sim:/mux8a1/salida
ModelSim-Altera Info: force a sim:/mux8a1/a
ModelSim-Altera Error: # ** Error: (vsim-4026) Value "sim:/mux8a1/a" does not represent a literal of the enumeration type.
ModelSim-Altera Error: # ** Error: (vsim-4011) Invalid force value: sim:/mux8a1/a.
ModelSim-Altera Info: # 
ModelSim-Altera Info: sim:/mux8a1/b
ModelSim-Altera Info: # invalid command name "sim:/mux8a1/b"
ModelSim-Altera Info: sim:/mux8a1/c
ModelSim-Altera Info: # invalid command name "sim:/mux8a1/c"
ModelSim-Altera Info: sim:/mux8a1/d
ModelSim-Altera Info: # invalid command name "sim:/mux8a1/d"
ModelSim-Altera Info: sim:/mux8a1/e
ModelSim-Altera Info: # invalid command name "sim:/mux8a1/e"
ModelSim-Altera Info: sim:/mux8a1/f
ModelSim-Altera Info: # invalid command name "sim:/mux8a1/f"
ModelSim-Altera Info: sim:/mux8a1/g
ModelSim-Altera Info: # invalid command name "sim:/mux8a1/g"
ModelSim-Altera Info: sim:/mux8a1/h
ModelSim-Altera Info: # invalid command name "sim:/mux8a1/h"
ModelSim-Altera Info: sim:/mux8a1/sel
ModelSim-Altera Info: # invalid command name "sim:/mux8a1/sel"
ModelSim-Altera Info: sim:/mux8a1/salida sim:/mux8a1/a
ModelSim-Altera Info: # invalid command name "sim:/mux8a1/salida"
ModelSim-Altera Info: sim:/mux8a1/b
ModelSim-Altera Info: # invalid command name "sim:/mux8a1/b"
ModelSim-Altera Info: sim:/mux8a1/c
ModelSim-Altera Info: # invalid command name "sim:/mux8a1/c"
ModelSim-Altera Info: sim:/mux8a1/d
ModelSim-Altera Info: # invalid command name "sim:/mux8a1/d"
ModelSim-Altera Info: sim:/mux8a1/e
ModelSim-Altera Info: # invalid command name "sim:/mux8a1/e"
ModelSim-Altera Info: sim:/mux8a1/f
ModelSim-Altera Info: # invalid command name "sim:/mux8a1/f"
ModelSim-Altera Info: sim:/mux8a1/g
ModelSim-Altera Info: # invalid command name "sim:/mux8a1/g"
ModelSim-Altera Info: sim:/mux8a1/h
ModelSim-Altera Info: # invalid command name "sim:/mux8a1/h"
ModelSim-Altera Info: sim:/mux8a1/sel
ModelSim-Altera Info: # invalid command name "sim:/mux8a1/sel"
ModelSim-Altera Info: sim:/mux8a1/salida
ModelSim-Altera Info: # invalid command name "sim:/mux8a1/salida"
ModelSim-Altera Info: force a sim:/mux8a1/a
ModelSim-Altera Error: # ** Error: (vsim-4026) Value "sim:/mux8a1/a" does not represent a literal of the enumeration type.
ModelSim-Altera Error: # ** Error: (vsim-4011) Invalid force value: sim:/mux8a1/a.
ModelSim-Altera Info: # 
ModelSim-Altera Info: sim:/mux8a1/b
ModelSim-Altera Info: # invalid command name "sim:/mux8a1/b"
ModelSim-Altera Info: sim:/mux8a1/c
ModelSim-Altera Info: # invalid command name "sim:/mux8a1/c"
ModelSim-Altera Info: sim:/mux8a1/d
ModelSim-Altera Info: # invalid command name "sim:/mux8a1/d"
ModelSim-Altera Info: sim:/mux8a1/e
ModelSim-Altera Info: # invalid command name "sim:/mux8a1/e"
ModelSim-Altera Info: sim:/mux8a1/f
ModelSim-Altera Info: # invalid command name "sim:/mux8a1/f"
ModelSim-Altera Info: sim:/mux8a1/g
ModelSim-Altera Info: # invalid command name "sim:/mux8a1/g"
ModelSim-Altera Info: sim:/mux8a1/h
ModelSim-Altera Info: # invalid command name "sim:/mux8a1/h"
ModelSim-Altera Info: sim:/mux8a1/sel
ModelSim-Altera Info: # invalid command name "sim:/mux8a1/sel"
ModelSim-Altera Info: sim:/mux8a1/salida sim:/mux8a1/a
ModelSim-Altera Info: # invalid command name "sim:/mux8a1/salida"
ModelSim-Altera Info: sim:/mux8a1/b
ModelSim-Altera Info: # invalid command name "sim:/mux8a1/b"
ModelSim-Altera Info: sim:/mux8a1/c
ModelSim-Altera Info: # invalid command name "sim:/mux8a1/c"
ModelSim-Altera Info: sim:/mux8a1/d
ModelSim-Altera Info: # invalid command name "sim:/mux8a1/d"
ModelSim-Altera Info: sim:/mux8a1/e
ModelSim-Altera Info: # invalid command name "sim:/mux8a1/e"
ModelSim-Altera Info: sim:/mux8a1/f
ModelSim-Altera Info: # invalid command name "sim:/mux8a1/f"
ModelSim-Altera Info: sim:/mux8a1/g
ModelSim-Altera Info: # invalid command name "sim:/mux8a1/g"
ModelSim-Altera Info: sim:/mux8a1/h
ModelSim-Altera Info: # invalid command name "sim:/mux8a1/h"
ModelSim-Altera Info: sim:/mux8a1/sel
ModelSim-Altera Info: # invalid command name "sim:/mux8a1/sel"
ModelSim-Altera Info: sim:/mux8a1/salida0sim:/mux8a1/a
ModelSim-Altera Info: # invalid command name "sim:/mux8a1/salida0sim:/mux8a1/a"
ModelSim-Altera Info: sim:/mux8a1/b
ModelSim-Altera Info: # invalid command name "sim:/mux8a1/b"
ModelSim-Altera Info: sim:/mux8
ModelSim-Altera Info: # invalid command name "sim:/mux8"
ModelSim-Altera Info: force a 0 0, 1 2
ModelSim-Altera Info: force b 1 0, 1 5
ModelSim-Altera Info: force 0 5, 1 ,8, 0 9
ModelSim-Altera Info: # ** Error (suppressible): (vsim-4008) Object '0' not found.
ModelSim-Altera Info: # 
ModelSim-Altera Info: force c 1 1, 0 5, 1 9
ModelSim-Altera Info: force d 1 5, 0 9
ModelSim-Altera Info: force e 1 0, 0 3, 1 5
ModelSim-Altera Info: force f 1 2, 0 5, 1 9
ModelSim-Altera Info: force g 1 3, 0 5, 1 8
ModelSim-Altera Info: force h 1 2, 0 8
ModelSim-Altera Info: force sel(0) 0 0, 1 2 -repeat 2
ModelSim-Altera Info: force sel(1) 0 0, 1 4 -repeat 4
ModelSim-Altera Info: force sel(2) 0 0, 1 8 -repeat 8
ModelSim-Altera Info: run
ModelSim-Altera Info: force a 0 0, 1 2,0 5
ModelSim-Altera Info: force b 0 0, 1 2
ModelSim-Altera Info: force c 0 0, 1 3, 0 5
ModelSim-Altera Info: force d 0 0, 1 2, 0 3, 1 5
ModelSim-Altera Info: force e 0 0, 1 3
ModelSim-Altera Info: force f 0 0, 1 3 ,0 5, 1 8
ModelSim-Altera Info: force f 0 0, 1 5
ModelSim-Altera Info: force g 0 0, 1 3, 0 5, 1 9
ModelSim-Altera Info: force h 0 0, 1 3
ModelSim-Altera Info: force sel(0) 0 0, 1 2 -repeat 4
ModelSim-Altera Info: force sel(1) 0 0, 1 4 -repeat 8
ModelSim-Altera Info: force sel(2) 0 0, 1 8 -repeat 16
ModelSim-Altera Info: run
ModelSim-Altera Info: # End time: 17:10:28 on Feb 13,2021, Elapsed time: 0:08:21
ModelSim-Altera Info: # Errors: 41, Warnings: 0
Error: Errors encountered while running modelsim do file
Error: NativeLink simulation flow was NOT successful



================The following additional information is provided to help identify the cause of error while running nativelink scripts=================
Nativelink TCL script failed with errorCode:  1
Nativelink TCL script failed with errorInfo:  1
    (procedure "launch_sim" line 1)
    invoked from within
"launch_sim launch_args_hash"
    ("eval" body line 1)
    invoked from within
"eval launch_sim launch_args_hash"
    invoked from within
"if [ info exists ::errorCode ] {
                set savedCode $::errorCode
                set savedInfo $::errorInfo
                error $result $..."
    invoked from within
"if [catch {eval launch_sim launch_args_hash} result ] {
            set status 1
            if [ info exists ::errorCode ] {
                set save..."
    (procedure "run_sim" line 74)
    invoked from within
"run_sim run_sim_args_hash"
    invoked from within
"if [ info exists ::errorCode ] {
            set savedCode $::errorCode
            set savedInfo $::errorInfo
            error "$result" $savedInfo ..."
    (procedure "run_eda_simulation_tool" line 334)
    invoked from within
"run_eda_simulation_tool eda_opts_hash"
